#
# A fatal error has been detected by the Java Runtime Environment:
#
#  SIGBUS (0xa) at pc=0x00000001275bdc5f, pid=80506, tid=775
#
# JRE version: Java(TM) SE Runtime Environment (14.0.2+12) (build 14.0.2+12-46)
# Java VM: Java HotSpot(TM) 64-Bit Server VM (14.0.2+12-46, mixed mode, sharing, tiered, compressed oops, g1 gc, bsd-amd64)
# Problematic frame:
# J 554 c2 org.postgresql.core.PGStream.receiveTupleV3()[[B (89 bytes) @ 0x00000001275bdc5f [0x00000001275bd540+0x000000000000071f]
#
# No core dump will be written. Core dumps have been disabled. To enable core dumping, try "ulimit -c unlimited" before starting Java again
#
# If you would like to submit a bug report, please visit:
#   https://bugreport.java.com/bugreport/crash.jsp
#

---------------  S U M M A R Y ------------

Command Line: -Djava.awt.headless=true -Xmx512m -Xrs vfprintf exit -Xss2m 

Host: MacBookPro14,1 x86_64 2300 MHz, 4 cores, 16G, Darwin 19.6.0
Time: Fri Oct  2 00:22:03 2020 EDT elapsed time: 212 seconds (0d 0h 3m 32s)

---------------  T H R E A D  ---------------

Current thread (0x00007fb592b64800):  JavaThread "main" [_thread_in_Java, id=775, stack(0x00007ffee85d0000,0x00007ffee8dd0000)]

Stack: [0x00007ffee85d0000,0x00007ffee8dd0000],  sp=0x00007ffee8db8018,  free space=8096k
Native frames: (J=compiled Java code, A=aot compiled Java code, j=interpreted, Vv=VM code, C=native code)
J 554 c2 org.postgresql.core.PGStream.receiveTupleV3()[[B (89 bytes) @ 0x00000001275bdc5f [0x00000001275bd540+0x000000000000071f]

[error occurred during error reporting (printing native stack), id 0xb, SIGSEGV (0xb) at pc=0x000000010f7c686f]


siginfo: si_signo: 10 (SIGBUS), si_code: 2 (BUS_ADRERR), si_addr: 0x00007fb5845f6f00

Register to memory mapping:

RAX=0x00000007e1119108 is an oop: [[B 
{0x00000007e1119108} - klass: {type array byte}[]
 - length: 4
RBX=0x0000000000000001 is an unknown value
RCX=0x0000000000000001 is an unknown value
RDX=0x0 is NULL
RSP=0x00007ffee8db8018 is pointing into the stack for thread: 0x00007fb592b64800
RBP=0x00007ffee8db8080 is pointing into the stack for thread: 0x00007fb592b64800
RSI=0x00000007e1119180 is pointing into object: [B 
{0x00000007e1119178} - klass: {type array byte}
 - length: 1
RDI=0x00000007e006a082 is pointing into object: [B 
{0x00000007e0068930} - klass: {type array byte}
 - length: 8192
R8 =0x0000000000000004 is an unknown value
R9 =0x000000000000174b is an unknown value
R10=0x00000001083bb008 is an unknown value
R11=4227911965 is a compressed pointer to object: org.postgresql.core.VisibleBufferedInputStream 
{0x00000007e00688e8} - klass: 'org/postgresql/core/VisibleBufferedInputStream'
R12=0x0 is NULL
R13=0x0000000000000004 is an unknown value
R14=0x0 is NULL
R15=0x00007fb592b64800 is a thread


Registers:
RAX=0x00000007e1119108, RBX=0x0000000000000001, RCX=0x0000000000000001, RDX=0x0000000000000000
RSP=0x00007ffee8db8018, RBP=0x00007ffee8db8080, RSI=0x00000007e1119180, RDI=0x00000007e006a082
R8 =0x0000000000000004, R9 =0x000000000000174b, R10=0x00000001083bb008, R11=0x00000000fc00d11d
R12=0x0000000000000000, R13=0x0000000000000004, R14=0x0000000000000000, R15=0x00007fb592b64800
RIP=0x00000001275bdc5f, EFLAGS=0x0000000000000202, ERR=0x00000000020000b8
  TRAPNO=0x0000000000000085

Top of Stack: (sp=0x00007ffee8db8018)
0x00007ffee8db8018:   000000011facec40 000000011face690
0x00007ffee8db8028:   000000011facec40 00000007e0068440
0x00007ffee8db8038:   00007ffee8db8038 0000000113cae00d
0x00007ffee8db8048:   00007ffee8db8120 0000000113cca748
0x00007ffee8db8058:   0000000000000000 00000007e00328e8
0x00007ffee8db8068:   0000000113cae758 00007ffee8db8030
0x00007ffee8db8078:   00007ffee8db8110 00007ffee8db8180
0x00007ffee8db8088:   000000011faceef3 0000000000000000
0x00007ffee8db8098:   0000000000000000 0000000000000000
0x00007ffee8db80a8:   0000000000000000 0000000000000000
0x00007ffee8db80b8:   0000000000000000 0000000000000000
0x00007ffee8db80c8:   0000000000000000 0000000000000000
0x00007ffee8db80d8:   0000000000000000 0000000000000000
0x00007ffee8db80e8:   0000000000000000 0000000000000044
0x00007ffee8db80f8:   00000007e110c680 0000000000000000
0x00007ffee8db8108:   0000000000000000 0000000000000000
0x00007ffee8db8118:   00000007e110c5b0 00000007e006f328
0x00007ffee8db8128:   000000010fb81b70 00000007e006f328
0x00007ffee8db8138:   00007ffee8db8128 0000000113caead5
0x00007ffee8db8148:   00007ffee8db81c0 0000000113cca748
0x00007ffee8db8158:   0000000000000000 00000007e00328e8
0x00007ffee8db8168:   0000000113caeb88 00007ffee8db8110
0x00007ffee8db8178:   00007ffee8db81d0 00000007e04af900
0x00007ffee8db8188:   00000001275bbdd4 0000000000000000
0x00007ffee8db8198:   00000007e110c590 00000007e054f590
0x00007ffee8db81a8:   0000000000000800 00000007e110c5b0
0x00007ffee8db81b8:   00000007e054f590 00000007e006f328
0x00007ffee8db81c8:   00000001275bbdd4 00000007e04af900
0x00007ffee8db81d8:   0000000110600bdc 00000007e04af900
0x00007ffee8db81e8:   0000000100000004 00000000ff00ff00
0x00007ffee8db81f8:   00000007e110c560 00007ffee8db83d0
0x00007ffee8db8208:   00000001201c21fc 00000007e08e9664 

Instructions: (pc=0x00000001275bdc5f)
0x00000001275bdb5f:   0f 8e e5 fc ff ff 44 8b 5c 24 2c 49 c1 e3 03 89
0x00000001275bdb6f:   44 24 18 48 89 44 24 f8 8b 44 24 2c 89 44 24 50
0x00000001275bdb7f:   48 8b 44 24 f8 89 7c 24 54 0f 1f 84 00 00 00 00
0x00000001275bdb8f:   00 4c 89 5c 24 30 44 89 54 24 28 89 5c 24 1c 44
0x00000001275bdb9f:   89 6c 24 0c 4c 89 74 24 20 48 89 44 24 f8 8b 04
0x00000001275bdbaf:   24 89 44 24 08 48 8b 44 24 f8 48 ff 74 24 38 48
0x00000001275bdbbf:   8f 04 24 49 8b f3 66 66 90 c5 f8 77 e8 f0 38 c1
0x00000001275bdbcf:   f8 48 89 44 24 f8 8b 44 24 50 89 44 24 2c 48 8b
0x00000001275bdbdf:   44 24 f8 44 8b 54 24 50 47 8b 4c d4 10 43 8b 4c
0x00000001275bdbef:   d4 0c 85 c0 0f 84 ec 02 00 00 4d 8b 97 10 01 00
0x00000001275bdbff:   00 8b 54 24 1c 41 2b d1 03 d1 41 85 02 85 d2 0f
0x00000001275bdc0f:   8e 0e fc ff ff 48 89 44 24 f8 8b 44 24 08 89 04
0x00000001275bdc1f:   24 48 8b 44 24 f8 4c 8b 74 24 20 44 8b 6c 24 0c
0x00000001275bdc2f:   8b 5c 24 1c 44 8b 54 24 28 4c 8b 5c 24 30 e9 4e
0x00000001275bdc3f:   ff ff ff 4d 85 f6 0f 85 8d 0a 00 00 48 8b 44 24
0x00000001275bdc4f:   10 c5 f8 77 48 83 c4 70 5d 4d 8b 97 10 01 00 00
0x00000001275bdc5f:   41 85 02 c3 45 8b 0a 45 85 c9 0f 84 4f fe ff ff
0x00000001275bdc6f:   49 8b 4f 38 49 8b f9 48 c1 e7 03 48 85 c9 0f 84
0x00000001275bdc7f:   6d 05 00 00 4d 8b 4f 48 49 89 7c 09 f8 48 83 c1
0x00000001275bdc8f:   f8 49 89 4f 38 e9 25 fe ff ff 4d 8b 4f 78 49 8b
0x00000001275bdc9f:   4f 68 f0 83 44 24 c0 00 80 3f 00 0f 84 47 fe ff
0x00000001275bdcaf:   ff c6 07 00 48 85 c9 75 30 44 89 5c 24 04 44 89
0x00000001275bdcbf:   04 24 49 8b ea 49 8b f7 c5 f8 77 49 ba a8 e6 7c
0x00000001275bdccf:   0f 01 00 00 00 41 ff d2 4c 8b d5 44 8b 04 24 44
0x00000001275bdcdf:   8b 5c 24 04 e9 0f fe ff ff 49 89 7c 09 f8 48 83
0x00000001275bdcef:   c1 f8 49 89 4f 68 e9 fd fd ff ff 44 8b 5c 24 24
0x00000001275bdcff:   4f 8d 0c dc 44 89 5c 24 40 44 89 54 24 44 4c 89
0x00000001275bdd0f:   4c 24 28 89 5c 24 20 44 89 6c 24 0c 4c 89 74 24
0x00000001275bdd1f:   18 44 89 44 24 08 48 ff 74 24 38 48 8f 04 24 49
0x00000001275bdd2f:   8b f1 66 66 90 c5 f8 77 e8 84 37 c1 f8 48 89 44
0x00000001275bdd3f:   24 f8 8b 44 24 40 89 44 24 24 48 8b 44 24 f8 44
0x00000001275bdd4f:   8b 5c 24 40 47 8b 4c dc 10 43 8b 4c dc 0c 85 c0 


Stack slot to memory mapping:
stack at sp + 0 slots: 0x000000011facec40 is at code_begin+1664 in an Interpreter codelet
invoke return entry points  [0x000000011face5c0, 0x000000011facefe0]  2592 bytes
stack at sp + 1 slots: 0x000000011face690 is at code_begin+208 in an Interpreter codelet
invoke return entry points  [0x000000011face5c0, 0x000000011facefe0]  2592 bytes
stack at sp + 2 slots: 0x000000011facec40 is at code_begin+1664 in an Interpreter codelet
invoke return entry points  [0x000000011face5c0, 0x000000011facefe0]  2592 bytes
stack at sp + 3 slots: 0x00000007e0068440 is an oop: org.postgresql.core.PGStream 
{0x00000007e0068440} - klass: 'org/postgresql/core/PGStream'
stack at sp + 4 slots: 0x00007ffee8db8038 is pointing into the stack for thread: 0x00007fb592b64800
stack at sp + 5 slots: 0x0000000113cae00d is pointing into metadata
stack at sp + 6 slots: 0x00007ffee8db8120 is pointing into the stack for thread: 0x00007fb592b64800
stack at sp + 7 slots: 0x0000000113cca748 is pointing into metadata

--------------------------------------------------------------------------------
[Constant Pool (empty)]

--------------------------------------------------------------------------------

[MachCode]
  0x00000001275bd540: 448b 5608 | 49c1 e203 | 49bc 0000 | 0000 0800 | 0000 4d03 | d44d 33e4 | 493b c20f | 859f 2755 
  0x00000001275bd560: f866 6690 | 0f1f 8400 | 0000 0000 | 6666 6690 | 8984 2400 | c0fe ff55 | 4883 ec70 | 4889 7424 
  0x00000001275bd580: 3844 8b5e | 1444 8b6e | 2047 8b54 | ec10 438b | 5cdc 0c85 | db0f 86a9 | 0f00 0043 | 8b4c ec0c 
  0x00000001275bd5a0: 458b ca44 | 2bc9 448b | c345 2bc1 | 4181 f800 | 0400 000f | 8dbf 0f00 | 008b d341 | 2bd2 03d1 
  0x00000001275bd5c0: 4b8d 2cdc | 85d2 0f8f | 2a08 0000 | 442b d145 | 85d2 0f8e | 040f 0000 | 413b da0f | 8fd7 0f00 
  0x00000001275bd5e0: 0047 8b54 | ec18 478b | 4cd4 0c85 | c90f 8c01 | 0e00 008b | f903 fb44 | 3bcf 0f82 | f40d 0000 
  0x00000001275bd600: 85db 7621 | 4b8d 74dc | 1049 c1e2 | 0349 8d7c | 0a10 4863 | d3c5 f877 | 49ba 000e | b11f 0100 
  0x00000001275bd620: 0000 41ff | d247 8b54 | ec0c 4403 | d347 8954 | ec0c 83fb | 040f 85b1 | 0f00 004c | 8b54 2438 
  0x00000001275bd640: 458b 5214 | 478b 44d4 | 0c41 83f8 | 030f 86d9 | 0d00 004c | 8b54 2438 | 458b 4218 | 418b 5a20 
  0x00000001275bd660: 458b 5cdc | 1047 8b6c | c40c 4585 | ed0f 86a1 | 0f00 0041 | 8b7c dc0c | 458b d344 | 2bd7 418b 
  0x00000001275bd680: cd41 2bca | 81f9 0004 | 0000 0f8d | b40f 0000 | 418b d541 | 2bd3 03d7 | 4b8d 2cc4 | 85d2 0f8f 
  0x00000001275bd6a0: b407 0000 | 442b df45 | 85db 0f8e | 600e 0000 | 453b eb0f | 8fc3 0f00 | 0045 8b54 | dc18 478b 
  0x00000001275bd6c0: 5cd4 0c85 | ff0f 8c89 | 0d00 0044 | 8bcf 4503 | cd45 3bd9 | 0f82 7a0d | 0000 4585 | ed76 214b 
  0x00000001275bd6e0: 8d74 c410 | 49c1 e203 | 498d 7c3a | 1049 63d5 | c5f8 7749 | ba00 0eb1 | 1f01 0000 | 0041 ffd2 
  0x00000001275bd700: 458b 5cdc | 0c45 03dd | 4589 5cdc | 0c41 83fd | 020f 8599 | 0f00 004c | 8b54 2438 | 458b 5a18 
  0x00000001275bd720: 478b 54dc | 0c41 83fa | 010f 865d | 0d00 0047 | 0fb6 54dc | 1147 0fb6 | 44dc 1041 | c1e0 0845 
  0x00000001275bd740: 0bc2 4181 | f800 0004 | 000f 879d | 0c00 0049 | 63c8 4181 | f800 0004 | 000f 87b3 | 0700 004d 
  0x00000001275bd760: 8b8f 2001 | 0000 48c1 | e102 4883 | c117 4c8b | d149 83e2 | f84d 8bd9 | 4d03 da4d | 3b9f 3001 
  0x00000001275bd780: 0000 0f83 | 8a07 0000 | 4d89 9f20 | 0100 0041 | 0f0d 8bc0 | 0000 0049 | c701 0100 | 0000 410f 
  0x00000001275bd7a0: 0d8b 0001 | 0000 41c7 | 4108 a840 | 1600 4589 | 410c 410f | 0d8b 4001 | 0000 498b | f948 83c7 
  0x00000001275bd7c0: 1041 0f0d | 8b80 0100 | 0048 c1e9 | 0348 83c1 | fe48 33c0 | 4883 f908 | 7f10 48ff | c978 1248 
  0x00000001275bd7e0: 8904 cf48 | ffc9 7df7 | eb07 48c1 | e103 f348 | aa4c 894c | 2410 4585 | c00f 8e4c | 0400 0045 
  0x00000001275bd800: 85c0 0f84 | ac0c 0000 | 458b d841 | ffcb 453b | d80f 839d | 0c00 0045 | 33f6 4533 | ede9 aa00 
  0x00000001275bd820: 0000 4889 | 4424 f88b | 4424 0889 | 0424 488b | 4424 f84c | 8b74 2420 | 448b 6c24 | 0c8b 5c24 
  0x00000001275bd840: 1c44 8b54 | 2428 8b7c | 2454 442b | c945 85c9 | 0f8e f309 | 0000 413b | d90f 8f39 | 0b00 0044 
  0x00000001275bd860: 8b5c 242c | 438b 54dc | 1845 8b5c | d40c 85c9 | 0f8c 2609 | 0000 448b | cb44 03c9 | 453b d90f 
  0x00000001275bd880: 8217 0900 | 003b fb0f | 820f 0900 | 0085 db74 | 214b 8d74 | d410 4d8d | 14d4 498d | 7c0a 1048 
  0x00000001275bd8a0: 63d3 c5f8 | 7749 ba00 | 0eb1 1f01 | 0000 0041 | ffd2 448b | 5c24 2c43 | 015c dc0c | 448b 0424 
  0x00000001275bd8c0: 41ff c545 | 3be8 0f8d | 7603 0000 | 4c8b 5424 | 3845 8b52 | 2044 8954 | 2424 4c8b | 5424 3845 
  0x00000001275bd8e0: 8b52 1444 | 8b5c 2424 | 478b 4cdc | 1043 8b5c | d40c 85db | 0f86 5e07 | 0000 438b | 4cdc 0c41 
  0x00000001275bd900: 8bf9 2bf9 | 448b db44 | 2bdf 4181 | fb00 0400 | 000f 8d89 | 0700 008b | d341 2bd1 | 03d1 4b8d 
  0x00000001275bd920: 2cd4 85d2 | 0f8f d003 | 0000 442b | c945 85c9 | 0f8e c606 | 0000 413b | d90f 8fc1 | 0700 0044 
  0x00000001275bd940: 8b4c 2424 | 478b 5ccc | 1847 8b4c | dc0c 85c9 | 0f8c 0006 | 0000 8bd1 | 03d3 443b | ca0f 82f3 
  0x00000001275bd960: 0500 0085 | db76 2944 | 8904 244b | 8d74 d410 | 4f8d 14dc | 498d 7c0a | 1048 63d3 | c5f8 7749 
  0x00000001275bd980: ba00 0eb1 | 1f01 0000 | 0041 ffd2 | 448b 0424 | 448b 5424 | 2447 8b54 | d40c 4403 | d344 8b4c 
  0x00000001275bd9a0: 2424 4789 | 54cc 0c83 | fb04 0f85 | ac07 0000 | 4c8b 5424 | 3845 8b52 | 1447 8b4c | d40c 4183 
  0x00000001275bd9c0: f903 0f86 | ec05 0000 | 430f b64c | d413 470f | be5c d410 | 470f b64c | d411 430f | b65c d412 
  0x00000001275bd9e0: 41c1 e318 | c1e3 0841 | c1e1 1045 | 0bd9 440b | db44 0bd9 | 4183 fbff | 0f84 c2fe | ffff 4181 
  0x00000001275bda00: fb00 0010 | 000f 87e9 | 0500 0049 | 63cb 4181 | fb00 0010 | 000f 878e | 0300 0049 | 8baf 2001 
  0x00000001275bda20: 0000 4883 | c117 4c8b | d149 83e2 | f84c 8bcd | 4d03 ca4d | 3b8f 3001 | 0000 0f83 | 6903 0000 
  0x00000001275bda40: 4d89 8f20 | 0100 0041 | 0f0d 89c0 | 0000 0048 | c745 0001 | 0000 0041 | 0f0d 8900 | 0100 00c7 
  0x00000001275bda60: 4508 6c13 | 0700 4489 | 5d0c 410f | 0d89 4001 | 0000 488b | fd48 83c7 | 1041 0f0d | 8980 0100 
  0x00000001275bda80: 0048 c1e9 | 0348 83c1 | fe48 33c0 | 4883 f908 | 7f10 48ff | c978 1248 | 8904 cf48 | ffc9 7df7 
  0x00000001275bdaa0: eb07 48c1 | e103 f348 | aa4c 8b54 | 2410 4f8d | 54aa 1041 | 807f 3000 | 0f85 a501 | 0000 4c8b 
  0x00000001275bdac0: cd41 8bdb | 488b fd48 | c1ef 0341 | 893a 498b | ca4c 33c9 | 49c1 e914 | 4d85 c974 | 1a48 c1e9 
  0x00000001275bdae0: 0948 bf00 | c06f 0c01 | 0000 0048 | 03f9 803f | 080f 85a2 | 0100 0085 | db0f 8ec1 | fdff ff45 
  0x00000001275bdb00: 8b12 4c8b | 4c24 3841 | 8b49 2089 | 4c24 2c45 | 8b4c cc10 | 438b 7cd4 | 0c8b d72b | d30b d385 
  0x00000001275bdb20: d20f 8c75 | 0700 0085 | db0f 84c1 | 0700 0041 | 8bc3 4489 | 0424 418b | 4ccc 0c45 | 8bd9 442b 
  0x00000001275bdb40: d98b d341 | 2bd3 81fa | 0004 0000 | 0f8d ee07 | 0000 8bd3 | 412b d103 | d14b 8d2c | d485 d20f 
  0x00000001275bdb60: 8ee5 fcff | ff44 8b5c | 242c 49c1 | e303 8944 | 2418 4889 | 4424 f88b | 4424 2c89 | 4424 5048 
  0x00000001275bdb80: 8b44 24f8 | 897c 2454 | 0f1f 8400 | 0000 0000 | 4c89 5c24 | 3044 8954 | 2428 895c | 241c 4489 
  0x00000001275bdba0: 6c24 0c4c | 8974 2420 | 4889 4424 | f88b 0424 | 8944 2408 | 488b 4424 | f848 ff74 | 2438 488f 
  0x00000001275bdbc0: 0424 498b | f366 6690 | c5f8 77e8 | f038 c1f8 | 4889 4424 | f88b 4424 | 5089 4424 | 2c48 8b44 
  0x00000001275bdbe0: 24f8 448b | 5424 5047 | 8b4c d410 | 438b 4cd4 | 0c85 c00f | 84ec 0200 | 004d 8b97 | 1001 0000 
  0x00000001275bdc00: 8b54 241c | 412b d103 | d141 8502 | 85d2 0f8e | 0efc ffff | 4889 4424 | f88b 4424 | 0889 0424 
  0x00000001275bdc20: 488b 4424 | f84c 8b74 | 2420 448b | 6c24 0c8b | 5c24 1c44 | 8b54 2428 | 4c8b 5c24 | 30e9 4eff 
  0x00000001275bdc40: ffff 4d85 | f60f 858d | 0a00 0048 | 8b44 2410 | c5f8 7748 | 83c4 705d | 4d8b 9710 | 0100 0041 
  0x00000001275bdc60: 8502 c345 | 8b0a 4585 | c90f 844f | feff ff49 | 8b4f 3849 | 8bf9 48c1 | e703 4885 | c90f 846d 
  0x00000001275bdc80: 0500 004d | 8b4f 4849 | 897c 09f8 | 4883 c1f8 | 4989 4f38 | e925 feff | ff4d 8b4f | 7849 8b4f 
  0x00000001275bdca0: 68f0 8344 | 24c0 0080 | 3f00 0f84 | 47fe ffff | c607 0048 | 85c9 7530 | 4489 5c24 | 0444 8904 
  0x00000001275bdcc0: 2449 8bea | 498b f7c5 | f877 49ba | a8e6 7c0f | 0100 0000 | 41ff d24c | 8bd5 448b | 0424 448b 
  0x00000001275bdce0: 5c24 04e9 | 0ffe ffff | 4989 7c09 | f848 83c1 | f849 894f | 68e9 fdfd | ffff 448b | 5c24 244f 
  0x00000001275bdd00: 8d0c dc44 | 895c 2440 | 4489 5424 | 444c 894c | 2428 895c | 2420 4489 | 6c24 0c4c | 8974 2418 
  0x00000001275bdd20: 4489 4424 | 0848 ff74 | 2438 488f | 0424 498b | f166 6690 | c5f8 77e8 | 8437 c1f8 | 4889 4424 
  0x00000001275bdd40: f88b 4424 | 4089 4424 | 2448 8b44 | 24f8 448b | 5c24 4047 | 8b4c dc10 | 438b 4cdc | 0c85 c00f 
  0x00000001275bdd60: 8457 0100 | 004d 8b97 | 1001 0000 | 8b54 2420 | 412b d103 | d141 8502 | 85d2 0f8f | a004 0000 
  0x00000001275bdd80: 48ff 3424 | 488f 4424 | 3844 8b5c | 2408 4c8b | 7424 1844 | 8b6c 240c | 448b 5424 | 448b 5c24 
  0x00000001275bdda0: 2045 8bc3 | e981 fbff | ff44 895c | 2418 4489 | 6c24 0c49 | 8bee 4489 | 4424 0848 | ff74 2438 
  0x00000001275bddc0: 488f 0424 | 48be 609b | 3800 0800 | 0000 418b | d366 6690 | c5f8 77e8 | a43e 60f8 | 448b 4424 
  0x00000001275bdde0: 084c 8bf5 | 448b 6c24 | 0c44 8b5c | 2418 488b | e8e9 b3fc | ffff 4f8d | 14ec 4489 | 5c24 2844 
  0x00000001275bde00: 896c 242c | 4c89 5424 | 1089 5c24 | 0849 8bf2 | c5f8 77e8 | a836 c1f8 | 448b 6c24 | 2c47 8b54 
  0x00000001275bde20: ec10 438b | 4cec 0c85 | c00f 840a | 0100 004d | 8b9f 1001 | 0000 8b54 | 2408 412b | d203 d141 
  0x00000001275bde40: 8503 85d2 | 0f8f b608 | 0000 448b | 5c24 288b | 5c24 08e9 | 74f7 ffff | 4d8d 14dc | 4489 4424 
  0x00000001275bde60: 2889 5c24 | 2c4c 8954 | 2410 4489 | 6c24 0849 | 8bf2 6690 | c5f8 77e8 | 4436 c1f8 | 8b5c 242c 
  0x00000001275bde80: 458b 5cdc | 1041 8b7c | dc0c 85c0 | 0f84 b500 | 0000 4d8b | 9710 0100 | 008b 5424 | 0841 2bd3 
  0x00000001275bdea0: 03d7 4185 | 0285 d20f | 8f61 0800 | 0044 8b44 | 2428 448b | 6c24 08e9 | e8f7 ffff | 48ff 3424 
  0x00000001275bdec0: 488f 4424 | 3844 8b5c | 2408 4c8b | 7424 1844 | 8b6c 240c | 448b 5424 | 448b 5c24 | 2045 8bc3 
  0x00000001275bdee0: e945 faff | ff48 8944 | 24f8 8b44 | 2408 8904 | 2448 8b44 | 24f8 4c8b | 7424 2044 | 8b6c 240c 
  0x00000001275bdf00: 8b5c 241c | 448b 5424 | 288b 7c24 | 54e9 38f9 | ffff 48be | 4005 b200 | 0800 0000 | 418b d044 
  0x00000001275bdf20: 8944 2404 | c5f8 77e8 | 543d 60f8 | 4c8b c844 | 8b44 2404 | e9b8 f8ff | ff44 8b5c | 2428 8b5c 
  0x00000001275bdf40: 2408 e985 | f6ff ff44 | 8b44 2428 | 448b 6c24 | 08e9 4ef7 | ffff becc | ffff ff44 | 8904 2448 
  0x00000001275bdf60: ff74 2410 | 488f 4424 | 084c 8974 | 2410 4489 | 6c24 0448 | 8944 24f8 | 8b44 2424 | 8944 2420 
  0x00000001275bdf80: 488b 4424 | f844 895c | 2428 894c | 242c 4489 | 5424 3089 | 5c24 3490 | c5f8 77e8 | e0fd 54f8 
  0x00000001275bdfa0: 48bf b552 | cf0f 0100 | 0000 4883 | e4f0 e87d | 264a e8f4 | bee4 ffff | ff44 8904 | 2448 ff74 
  0x00000001275bdfc0: 2410 488f | 4424 084c | 8974 2410 | 4489 6c24 | 0444 8954 | 2420 6690 | c5f8 77e8 | a0fd 54f8 
  0x00000001275bdfe0: 48bf b552 | cf0f 0100 | 0000 4883 | e4f0 e83d | 264a e8f4 | 4963 cbe9 | 12fa ffff | be45 ffff 
  0x00000001275be000: ff44 8904 | 2448 ff74 | 2410 488f | 4424 084c | 8974 2410 | 4489 6c24 | 0448 8944 | 24f8 8b44 
  0x00000001275be020: 2424 8944 | 2420 488b | 4424 f844 | 8954 2424 | 895c 2428 | 4489 4c24 | 3066 6690 | c5f8 77e8 
  0x00000001275be040: 3cfd 54f8 | 48bf b552 | cf0f 0100 | 0000 4883 | e4f0 e8d9 | 254a e8f4 | be45 ffff | ff44 8904 
  0x00000001275be060: 2448 ff74 | 2410 488f | 4424 084c | 8974 2410 | 4489 6c24 | 0444 895c | 2420 4489 | 5424 2489 
  0x00000001275be080: 5c24 2c90 | c5f8 77e8 | f4fc 54f8 | 48bf b552 | cf0f 0100 | 0000 4883 | e4f0 e891 | 254a e8f4 
  0x00000001275be0a0: be45 ffff | ff44 8904 | 2448 ff74 | 2410 488f | 4424 084c | 8974 2410 | 4489 6c24 | 0448 8944 
  0x00000001275be0c0: 24f8 8b44 | 2424 8944 | 2420 488b | 4424 f844 | 8954 2424 | 895c 2428 | 897c 242c | 4489 5c24 
  0x00000001275be0e0: 3066 6690 | c5f8 77e8 | 94fc 54f8 | 48bf b552 | cf0f 0100 | 0000 4883 | e4f0 e831 | 254a e8f4 
  0x00000001275be100: be45 ffff | ff44 8904 | 2448 ff74 | 2410 488f | 4424 084c | 8974 2410 | 4489 6c24 | 0448 8944 
  0x00000001275be120: 24f8 8b44 | 2424 8944 | 2420 488b | 4424 f844 | 8954 2424 | 895c 2430 | 4489 4c24 | 3466 6690 
  0x00000001275be140: c5f8 77e8 | 38fc 54f8 | 48bf b552 | cf0f 0100 | 0000 4883 | e4f0 e8d5 | 244a e8f4 | be45 ffff 
  0x00000001275be160: ff44 8904 | 2448 ff74 | 2410 488f | 4424 084c | 8974 2410 | 4489 6c24 | 0489 5c24 | 2066 6690 
  0x00000001275be180: c5f8 77e8 | f8fb 54f8 | 48bf b552 | cf0f 0100 | 0000 4883 | e4f0 e895 | 244a e8f4 | becc ffff 
  0x00000001275be1a0: ff48 ff74 | 2410 488f | 4424 084c | 8974 2410 | 4489 6c24 | 0448 ff74 | 2438 488f | 4424 2089 
  0x00000001275be1c0: 5c24 2889 | 5c24 3089 | 5424 3489 | 4c24 3844 | 8954 243c | c5f8 77e8 | a4fb 54f8 | 48bf b552 
  0x00000001275be1e0: cf0f 0100 | 0000 4883 | e4f0 e841 | 244a e8f4 | 4489 5c24 | 0444 8904 | 2449 8bda | 498b f7c5 
  0x00000001275be200: f877 49ba | 84e6 7c0f | 0100 0000 | 41ff d24c | 8bd3 448b | 0424 448b | 5c24 04e9 | 9ef8 ffff 
  0x00000001275be220: 48ff 3424 | 488f 4424 | 3844 8b5c | 2408 4c8b | 7424 1844 | 8b6c 240c | 8b5c 2420 | 4c8b 4c24 
  0x00000001275be240: 2845 8bc3 | e9c4 faff | ffbe 45ff | ffff 48ff | 7424 1048 | 8f44 2408 | 4c89 7424 | 1044 896c 
  0x00000001275be260: 2404 48ff | 7424 3848 | 8f44 2420 | 895c 2428 | 4489 5424 | 3089 5c24 | 3444 894c | 243c 6690 
  0x00000001275be280: c5f8 77e8 | f8fa 54f8 | 48bf b552 | cf0f 0100 | 0000 4883 | e4f0 e895 | 234a e8f4 | be45 ffff 
  0x00000001275be2a0: ff44 8904 | 2448 ff74 | 2410 488f | 4424 084c | 8974 2410 | 4489 6c24 | 0448 ff74 | 2438 488f 
  0x00000001275be2c0: 4424 2089 | 5c24 2844 | 8954 2430 | 895c 2434 | 8954 2438 | c5f8 77e8 | a4fa 54f8 | 48bf b552 
  0x00000001275be2e0: cf0f 0100 | 0000 4883 | e4f0 e841 | 234a e8f4 | be45 ffff | ff44 8904 | 2448 ff74 | 2410 488f 
  0x00000001275be300: 4424 084c | 8974 2410 | 4489 6c24 | 0448 ff74 | 2438 488f | 4424 2089 | 5c24 2844 | 8954 2430 
  0x00000001275be320: 895c 2434 | c5f8 77e8 | 54fa 54f8 | 48bf b552 | cf0f 0100 | 0000 4883 | e4f0 e8f1 | 224a e8f4 
  0x00000001275be340: be45 ffff | ff48 ff74 | 2410 488f | 4424 084c | 8974 2410 | 4489 6c24 | 0448 ff74 | 2438 488f 
  0x00000001275be360: 4424 2089 | 5c24 2844 | 8954 2430 | 895c 2434 | 4489 5c24 | 3889 5424 | 3c66 6690 | c5f8 77e8 
  0x00000001275be380: fcf9 54f8 | 48bf b552 | cf0f 0100 | 0000 4883 | e4f0 e899 | 224a e8f4 | be45 ffff | ff48 ff74 
  0x00000001275be3a0: 2410 488f | 4424 084c | 8974 2410 | 4489 6c24 | 0448 ff74 | 2438 488f | 4424 2089 | 5c24 2844 
  0x00000001275be3c0: 8954 2430 | 895c 2434 | 4489 4c24 | 4066 6690 | c5f8 77e8 | a8f9 54f8 | 48bf b552 | cf0f 0100 
  0x00000001275be3e0: 0000 4883 | e4f0 e845 | 224a e8f4 | 4963 c8e9 | 5ef3 ffff | becc ffff | ff44 896c | 2408 4489 
  0x00000001275be400: 5424 1089 | 4c24 1444 | 895c 2418 | 895c 241c | c5f8 77e8 | 68f9 54f8 | 48bf b552 | cf0f 0100 
  0x00000001275be420: 0000 4883 | e4f0 e805 | 224a e8f4 | bee4 ffff | ff44 8954 | 2408 6690 | c5f8 77e8 | 40f9 54f8 
  0x00000001275be440: 48bf b552 | cf0f 0100 | 0000 4883 | e4f0 e8dd | 214a e8f4 | becc ffff | ff89 5c24 | 0844 8954 
  0x00000001275be460: 2410 897c | 2414 4489 | 4424 1844 | 896c 241c | c5f8 77e8 | 08f9 54f8 | 48bf b552 | cf0f 0100 
  0x00000001275be480: 0000 4883 | e4f0 e8a5 | 214a e8f4 | bee4 ffff | ff44 895c | 2408 6690 | c5f8 77e8 | e0f8 54f8 
  0x00000001275be4a0: 48bf b552 | cf0f 0100 | 0000 4883 | e4f0 e87d | 214a e8f4 | bebe ffff | ff44 8944 | 2404 6690 
  0x00000001275be4c0: c5f8 77e8 | b8f8 54f8 | 48bf b552 | cf0f 0100 | 0000 4883 | e4f0 e855 | 214a e8f4 | be45 ffff 
  0x00000001275be4e0: ff44 896c | 2408 4489 | 5c24 0c89 | 5c24 1044 | 8954 2418 | c5f8 77e8 | 84f8 54f8 | 48bf b552 
  0x00000001275be500: cf0f 0100 | 0000 4883 | e4f0 e821 | 214a e8f4 | be45 ffff | ff89 5c24 | 0844 8944 | 240c 4489 
  0x00000001275be520: 6c24 1044 | 895c 2418 | c5f8 77e8 | 50f8 54f8 | 48bf b552 | cf0f 0100 | 0000 4883 | e4f0 e8ed 
  0x00000001275be540: 204a e8f4 | be45 ffff | ff48 8b6c | 2438 4489 | 6c24 0844 | 895c 240c | 895c 2414 | c5f8 77e8 
  0x00000001275be560: 1cf8 54f8 | 48bf b552 | cf0f 0100 | 0000 4883 | e4f0 e8b9 | 204a e8f4 | be45 ffff | ff48 8b6c 
  0x00000001275be580: 2438 4489 | 6c24 0844 | 895c 240c | 895c 2410 | 4489 4c24 | 1444 8944 | 2418 6690 | c5f8 77e8 
  0x00000001275be5a0: dcf7 54f8 | 48bf b552 | cf0f 0100 | 0000 4883 | e4f0 e879 | 204a e8f4 | be45 ffff | ff44 896c 
  0x00000001275be5c0: 2408 4489 | 5c24 0c89 | 5c24 1844 | 8954 241c | c5f8 77e8 | a8f7 54f8 | 48bf b552 | cf0f 0100 
  0x00000001275be5e0: 0000 4883 | e4f0 e845 | 204a e8f4 | be45 ffff | ff89 5c24 | 0866 6690 | c5f8 77e8 | 80f7 54f8 
  0x00000001275be600: 48bf b552 | cf0f 0100 | 0000 4883 | e4f0 e81d | 204a e8f4 | be45 ffff | ff89 5c24 | 0844 8944 
  0x00000001275be620: 240c 4489 | 6c24 1490 | c5f8 77e8 | 50f7 54f8 | 48bf b552 | cf0f 0100 | 0000 4883 | e4f0 e8ed 
  0x00000001275be640: 1f4a e8f4 | be45 ffff | ff89 5c24 | 0844 8944 | 240c 4489 | 6c24 1044 | 8954 2414 | 894c 2418 
  0x00000001275be660: c5f8 77e8 | 18f7 54f8 | 48bf b552 | cf0f 0100 | 0000 4883 | e4f0 e8b5 | 1f4a e8f4 | be45 ffff 
  0x00000001275be680: ff89 5c24 | 0844 8944 | 240c 4489 | 6c24 1844 | 895c 241c | c5f8 77e8 | e4f6 54f8 | 48bf b552 
  0x00000001275be6a0: cf0f 0100 | 0000 4883 | e4f0 e881 | 1f4a e8f4 | be45 ffff | ff44 896c | 2408 6690 | c5f8 77e8 
  0x00000001275be6c0: bcf6 54f8 | 48bf b552 | cf0f 0100 | 0000 4883 | e4f0 e859 | 1f4a e8f4 | be45 ffff | ff4c 8974 
  0x00000001275be6e0: 2408 6690 | c5f8 77e8 | 94f6 54f8 | 48bf b552 | cf0f 0100 | 0000 4883 | e4f0 e831 | 1f4a e8f4 
  0x00000001275be700: 8b5c 2408 | 4c8b 5424 | 10e9 f6f6 | ffff 448b | 6c24 084c | 8b54 2410 | e948 f7ff | ffbe f6ff 
  0x00000001275be720: ffff 4489 | 0424 48ff | 7424 1048 | 8f44 2408 | 4c89 7424 | 1044 896c | 2404 4489 | 5424 1890 
  0x00000001275be740: c5f8 77e8 | 38f6 54f8 | 48bf b552 | cf0f 0100 | 0000 4883 | e4f0 e8d5 | 1e4a e8f4 | bef6 ffff 
  0x00000001275be760: ff44 8904 | 2448 ff74 | 2410 488f | 4424 084c | 8974 2410 | 4489 6c24 | 0466 6690 | c5f8 77e8 
  0x00000001275be780: fcf5 54f8 | 48bf b552 | cf0f 0100 | 0000 4883 | e4f0 e899 | 1e4a e8f4 | bef6 ffff | ff44 8904 
  0x00000001275be7a0: 2448 ff74 | 2410 488f | 4424 084c | 8974 2410 | 4489 6c24 | 0489 4c24 | 1844 8954 | 241c 895c 
  0x00000001275be7c0: 2420 6690 | c5f8 77e8 | b4f5 54f8 | 48bf b552 | cf0f 0100 | 0000 4883 | e4f0 e851 | 1e4a e8f4 
  0x00000001275be7e0: bef6 ffff | ff44 8904 | 2448 ff74 | 2410 488f | 4424 084c | 8974 2410 | 4489 6c24 | 0466 6690 
  0x00000001275be800: c5f8 77e8 | 78f5 54f8 | 48bf b552 | cf0f 0100 | 0000 4883 | e4f0 e815 | 1e4a e8f4 | bef6 ffff 
  0x00000001275be820: ff44 8904 | 2448 ff74 | 2410 488f | 4424 084c | 8974 2410 | 4489 6c24 | 0444 8954 | 241c 895c 
  0x00000001275be840: 2420 6690 | c5f8 77e8 | 34f5 54f8 | 48bf b552 | cf0f 0100 | 0000 4883 | e4f0 e8d1 | 1d4a e8f4 
  0x00000001275be860: bef6 ffff | ff44 8904 | 2448 ff74 | 2410 488f | 4424 084c | 8974 2410 | 4489 6c24 | 0489 5c24 
  0x00000001275be880: 1866 6690 | c5f8 77e8 | f4f4 54f8 | 48bf b552 | cf0f 0100 | 0000 4883 | e4f0 e891 | 1d4a e8f4 
  0x00000001275be8a0: bef6 ffff | ff48 ff74 | 2410 488f | 4424 084c | 8974 2410 | 4489 6c24 | 0489 4c24 | 1c44 8954 
  0x00000001275be8c0: 2420 895c | 2424 6690 | c5f8 77e8 | b0f4 54f8 | 48bf b552 | cf0f 0100 | 0000 4883 | e4f0 e84d 
  0x00000001275be8e0: 1d4a e8f4 | bef6 ffff | ff48 8b6c | 2438 4489 | 1c24 6690 | c5f8 77e8 | 84f4 54f8 | 48bf b552 
  0x00000001275be900: cf0f 0100 | 0000 4883 | e4f0 e821 | 1d4a e8f4 | bef6 ffff | ff48 8b6c | 2438 6690 | c5f8 77e8 
  0x00000001275be920: 5cf4 54f8 | 48bf b552 | cf0f 0100 | 0000 4883 | e4f0 e8f9 | 1c4a e8f4 | bef6 ffff | ff89 0c24 
  0x00000001275be940: 4489 5c24 | 0489 5c24 | 0866 6690 | c5f8 77e8 | 2cf4 54f8 | 48bf b552 | cf0f 0100 | 0000 4883 
  0x00000001275be960: e4f0 e8c9 | 1c4a e8f4 | bef6 ffff | ff66 6690 | c5f8 77e8 | 08f4 54f8 | 48bf b552 | cf0f 0100 
  0x00000001275be980: 0000 4883 | e4f0 e8a5 | 1c4a e8f4 | bef6 ffff | ff44 8904 | 2466 6690 | c5f8 77e8 | e0f3 54f8 
  0x00000001275be9a0: 48bf b552 | cf0f 0100 | 0000 4883 | e4f0 e87d | 1c4a e8f4 | bef6 ffff | ff66 6690 | c5f8 77e8 
  0x00000001275be9c0: bcf3 54f8 | 48bf b552 | cf0f 0100 | 0000 4883 | e4f0 e859 | 1c4a e8f4 | bef6 ffff | ff89 3c24 
  0x00000001275be9e0: 4489 4424 | 0444 896c | 2408 6690 | c5f8 77e8 | 8cf3 54f8 | 48bf b552 | cf0f 0100 | 0000 4883 
  0x00000001275bea00: e4f0 e829 | 1c4a e8f4 | bef6 ffff | ff66 6690 | c5f8 77e8 | 68f3 54f8 | 48bf b552 | cf0f 0100 
  0x00000001275bea20: 0000 4883 | e4f0 e805 | 1c4a e8f4 | 488b f0eb | 7048 8bf0 | eb6b 488b | f0eb 6644 | 8b58 0841 
  0x00000001275bea40: 81fb f95b | 0600 7547 | 488b e8eb | 1044 8b58 | 0841 81fb | f95b 0600 | 75d7 488b | e844 8b54 
  0x00000001275bea60: 2418 488b | 3424 418b | d266 6690 | c5f8 77e8 | 8c0f 55f8 | 48ff 3424 | 488f 4424 | 384c 8bf5 
  0x00000001275bea80: 448b 6c24 | 0c44 8b44 | 2408 e931 | eeff ff48 | 8bf0 eb0d | 488b f0eb | 0848 8bf0 | eb03 488b 
  0x00000001275beaa0: f0c5 f877 | 4883 c470 | 5de9 52a8 | 60f8 f4f4 | f4f4 f4f4 | f4f4 f4f4 | f4f4 f4f4 | f4f4 f4f4 
  0x00000001275beac0: 48bb c8d8 | c913 0100 | 0000 e994 | 9454 f848 | bbc8 d8c9 | 1301 0000 | 00e9 8594 | 54f8 48bb 
  0x00000001275beae0: c8d8 c913 | 0100 0000 | e976 9454 | f848 bbc8 | d8c9 1301 | 0000 00e9 | 6794 54f8 | 48bb 0000 
  0x00000001275beb00: 0000 0000 | 0000 e9fb | ffff ffe9 | 70b2 5ff8 | e800 0000 | 0048 832c | 2405 e981 | f554 f8f4 
[/MachCode]
--------------------------------------------------------------------------------


---------------  P R O C E S S  ---------------

Threads class SMR info:
_java_thread_list=0x00007fb57da04360, length=10, elements={
0x00007fb592b64800, 0x00007fb591e5f000, 0x00007fb58d7b4800, 0x00007fb5922ea000,
0x00007fb58d6e5000, 0x00007fb592921000, 0x00007fb58d78a800, 0x00007fb5859fb800,
0x00007fb59215a000, 0x00007fb58850f000
}

Java Threads: ( => current thread )
=>0x00007fb592b64800 JavaThread "main" [_thread_in_Java, id=775, stack(0x00007ffee85d0000,0x00007ffee8dd0000)]
  0x00007fb591e5f000 JavaThread "Reference Handler" daemon [_thread_blocked, id=13827, stack(0x000070000fc00000,0x000070000fe00000)]
  0x00007fb58d7b4800 JavaThread "Finalizer" daemon [_thread_blocked, id=18691, stack(0x000070000fe03000,0x0000700010003000)]
  0x00007fb5922ea000 JavaThread "Attach Listener" daemon [_thread_blocked, id=16131, stack(0x000070001010c000,0x000070001030c000)]
  0x00007fb58d6e5000 JavaThread "Service Thread" daemon [_thread_blocked, id=16387, stack(0x000070001030f000,0x000070001050f000)]
  0x00007fb592921000 JavaThread "C2 CompilerThread0" daemon [_thread_blocked, id=43267, stack(0x0000700010512000,0x0000700010612000)]
  0x00007fb58d78a800 JavaThread "C1 CompilerThread0" daemon [_thread_blocked, id=22531, stack(0x0000700010615000,0x0000700010715000)]
  0x00007fb5859fb800 JavaThread "Sweeper thread" daemon [_thread_blocked, id=23043, stack(0x0000700010718000,0x0000700010918000)]
  0x00007fb59215a000 JavaThread "Notification Thread" daemon [_thread_blocked, id=42243, stack(0x000070001091b000,0x0000700010b1b000)]
  0x00007fb58850f000 JavaThread "Common-Cleaner" daemon [_thread_blocked, id=41987, stack(0x0000700010c21000,0x0000700010e21000)]

Other Threads:
  0x00007fb5921ce000 VMThread "VM Thread" [stack: 0x000070000fafd000,0x000070000fbfd000] [id=13059] _threads_hazard_ptr=0x00007fb57da04360
  0x00007fb591632800 WatcherThread [stack: 0x0000700010b1e000,0x0000700010c1e000] [id=23811]
  0x00007fb592830800 GCTaskThread "GC Thread#0" [stack: 0x000070000f5ee000,0x000070000f6ee000] [id=20739]
  0x00007fb592997800 GCTaskThread "GC Thread#1" [stack: 0x0000700010f2a000,0x000070001102a000] [id=17939]
  0x00007fb592b50000 GCTaskThread "GC Thread#2" [stack: 0x000070001102d000,0x000070001112d000] [id=27139]
  0x00007fb57bad2800 GCTaskThread "GC Thread#3" [stack: 0x0000700011130000,0x0000700011230000] [id=27651]
  0x00007fb591723800 ConcurrentGCThread "G1 Main Marker" [stack: 0x000070000f6f1000,0x000070000f7f1000] [id=11779]
  0x00007fb584abf800 ConcurrentGCThread "G1 Conc#0" [stack: 0x000070000f7f4000,0x000070000f8f4000] [id=12035]
  0x00007fb5916cc000 ConcurrentGCThread "G1 Refine#0" [stack: 0x000070000f8f7000,0x000070000f9f7000] [id=12547]
  0x00007fb5916cd000 ConcurrentGCThread "G1 Young RemSet Sampling" [stack: 0x000070000f9fa000,0x000070000fafa000] [id=12803]

Threads with active compile tasks:
C2 CompilerThread0   212174  778 %     4       org.ohdsi.databaseConnector.BatchedQuery::fetchBatch @ 13 (335 bytes)

VM state:synchronizing (normal execution)

VM Mutex/Monitor currently owned by a thread:  ([mutex/lock_event])
[0x00007fb5893119b0] Threads_lock - owner thread: 0x00007fb5921ce000
[0x00007fb589379bb0] Heap_lock - owner thread: 0x00007fb591723800

Heap address: 0x00000007e0000000, size: 512 MB, Compressed Oops mode: Zero based, Oop shift amount: 3
Narrow klass base: 0x0000000800000000, Narrow klass shift: 3
Compressed class space size: 1073741824 Address: 0x0000000800b05000

Heap:
 garbage-first heap   total 20480K, used 11509K [0x00000007e0000000, 0x0000000800000000)
  region size 1024K, 2 young (2048K), 1 survivors (1024K)
 Metaspace       used 3291K, capacity 6214K, committed 6528K, reserved 1056768K
  class space    used 304K, capacity 606K, committed 640K, reserved 1048576K
Heap Regions: E=young(eden), S=young(survivor), O=old, HS=humongous(starts), HC=humongous(continues), CS=collection set, F=free, OA=open archive, CA=closed archive, TAMS=top-at-mark-start (previous, next)
|   0|0x00000007e0000000, 0x00000007e0100000, 0x00000007e0100000|100%| O|  |TAMS 0x00000007e0000000, 0x00000007e0100000| Untracked 
|   1|0x00000007e0100000, 0x00000007e01ffff8, 0x00000007e0200000| 99%| O|  |TAMS 0x00000007e0100000, 0x00000007e01ffff8| Untracked 
|   2|0x00000007e0200000, 0x00000007e0300000, 0x00000007e0300000|100%| O|  |TAMS 0x00000007e0200000, 0x00000007e0300000| Untracked 
|   3|0x00000007e0300000, 0x00000007e03ffff8, 0x00000007e0400000| 99%| O|  |TAMS 0x00000007e0300000, 0x00000007e03ffff8| Untracked 
|   4|0x00000007e0400000, 0x00000007e04fd4f8, 0x00000007e0500000| 98%| O|  |TAMS 0x00000007e0400000, 0x00000007e04fd4f8| Untracked 
|   5|0x00000007e0500000, 0x00000007e056bae0, 0x00000007e0600000| 42%| O|  |TAMS 0x00000007e0500000, 0x00000007e056bae0| Untracked 
|   6|0x00000007e0600000, 0x00000007e06ffff8, 0x00000007e0700000| 99%| O|  |TAMS 0x00000007e0600000, 0x00000007e06ffff8| Untracked 
|   7|0x00000007e0700000, 0x00000007e071a950, 0x00000007e0800000| 10%| O|  |TAMS 0x00000007e0700000, 0x00000007e071a950| Untracked 
|   8|0x00000007e0800000, 0x00000007e0900000, 0x00000007e0900000|100%| O|  |TAMS 0x00000007e0800000, 0x00000007e0800000| Untracked 
|   9|0x00000007e0900000, 0x00000007e0a00000, 0x00000007e0a00000|100%| O|  |TAMS 0x00000007e0900000, 0x00000007e0900000| Untracked 
|  10|0x00000007e0a00000, 0x00000007e0aeec00, 0x00000007e0b00000| 93%| O|  |TAMS 0x00000007e0a00000, 0x00000007e0a00000| Untracked 
|  11|0x00000007e0b00000, 0x00000007e0b00000, 0x00000007e0c00000|  0%| F|  |TAMS 0x00000007e0b00000, 0x00000007e0b00000| Untracked 
|  12|0x00000007e0c00000, 0x00000007e0c00000, 0x00000007e0d00000|  0%| F|  |TAMS 0x00000007e0c00000, 0x00000007e0c00000| Untracked 
|  13|0x00000007e0d00000, 0x00000007e0d00000, 0x00000007e0e00000|  0%| F|  |TAMS 0x00000007e0d00000, 0x00000007e0d00000| Untracked 
|  14|0x00000007e0e00000, 0x00000007e0e00000, 0x00000007e0f00000|  0%| F|  |TAMS 0x00000007e0e00000, 0x00000007e0e00000| Untracked 
|  15|0x00000007e0f00000, 0x00000007e0f00000, 0x00000007e1000000|  0%| F|  |TAMS 0x00000007e0f00000, 0x00000007e0f00000| Untracked 
|  16|0x00000007e1000000, 0x00000007e10ff060, 0x00000007e1100000| 99%| S|CS|TAMS 0x00000007e1000000, 0x00000007e1000000| Complete 
|  17|0x00000007e1100000, 0x00000007e111ce10, 0x00000007e1200000| 11%| E|  |TAMS 0x00000007e1100000, 0x00000007e1100000| Complete 
| 510|0x00000007ffe00000, 0x00000007ffe51000, 0x00000007fff00000| 31%|OA|  |TAMS 0x00000007ffe51000, 0x00000007ffe51000| Untracked 
| 511|0x00000007fff00000, 0x00000007fff7b000, 0x0000000800000000| 48%|CA|  |TAMS 0x00000007fff7b000, 0x00000007fff7b000| Untracked 

Card table byte_map: [0x00000001105fc000,0x00000001106fc000] _byte_map_base: 0x000000010c6fc000

Marking Bits (Prev, Next): (CMBitMap*) 0x00007fb58ad8d658, (CMBitMap*) 0x00007fb58ad8d618
 Prev Bits: [0x0000000110ffc000, 0x00000001117fc000)
 Next Bits: [0x00000001107fc000, 0x0000000110ffc000)

Polling page: 0x00000001083bb000

Metaspace:

Usage:
  Non-class:      5.48 MB capacity,     2.92 MB ( 53%) used,     2.55 MB ( 47%) free+waste,     6.25 KB ( <1%) overhead. 
      Class:    606.00 KB capacity,   304.36 KB ( 50%) used,   298.02 KB ( 49%) free+waste,     3.62 KB ( <1%) overhead. 
       Both:      6.07 MB capacity,     3.21 MB ( 53%) used,     2.84 MB ( 47%) free+waste,     9.88 KB ( <1%) overhead. 

Virtual space:
  Non-class space:        8.00 MB reserved,       5.75 MB ( 72%) committed 
      Class space:        1.00 GB reserved,     640.00 KB ( <1%) committed 
             Both:        1.01 GB reserved,       6.38 MB ( <1%) committed 

Chunk freelists:
   Non-Class:  32.00 KB
       Class:  14.00 KB
        Both:  46.00 KB

MaxMetaspaceSize: unlimited
CompressedClassSpaceSize: 1.00 GB

CodeHeap 'non-profiled nmethods': size=120032Kb used=325Kb max_used=325Kb free=119706Kb
 bounds [0x000000012758d000, 0x00000001277fd000, 0x000000012eac5000]
CodeHeap 'profiled nmethods': size=120028Kb used=1604Kb max_used=1604Kb free=118423Kb
 bounds [0x0000000120056000, 0x00000001202c6000, 0x000000012758d000]
CodeHeap 'non-nmethods': size=5700Kb used=1154Kb max_used=1187Kb free=4546Kb
 bounds [0x000000011fac5000, 0x000000011fd35000, 0x0000000120056000]
 total_blobs=1216 nmethods=808 adapters=322
 compilation: enabled
              stopped_count=0, restarted_count=0
 full_count=0

Compilation events (20 events):
Event: 212.074 Thread 0x00007fb58d78a800  800       3       java.lang.reflect.AccessibleObject::<init> (5 bytes)
Event: 212.074 Thread 0x00007fb58d78a800 nmethod 800 0x00000001201e3910 code [0x00000001201e3aa0, 0x00000001201e3c10]
Event: 212.074 Thread 0x00007fb58d78a800  801       3       java.lang.reflect.Executable::<init> (5 bytes)
Event: 212.074 Thread 0x00007fb58d78a800 nmethod 801 0x00000001201e3d10 code [0x00000001201e3ea0, 0x00000001201e4070]
Event: 212.074 Thread 0x00007fb58d78a800  802       1       java.lang.reflect.Method::getReturnType (5 bytes)
Event: 212.074 Thread 0x00007fb58d78a800 nmethod 802 0x00000001275ddc90 code [0x00000001275dde20, 0x00000001275ddef0]
Event: 212.075 Thread 0x00007fb58d78a800  803       1       org.postgresql.core.VisibleBufferedInputStream::getBuffer (5 bytes)
Event: 212.075 Thread 0x00007fb58d78a800 nmethod 803 0x00000001275ddf90 code [0x00000001275de120, 0x00000001275de1f0]
Event: 212.075 Thread 0x00007fb58d78a800  804       1       org.postgresql.core.VisibleBufferedInputStream::getIndex (5 bytes)
Event: 212.075 Thread 0x00007fb58d78a800 nmethod 804 0x00000001275de290 code [0x00000001275de420, 0x00000001275de4f0]
Event: 212.079 Thread 0x00007fb58d78a800  805       3       java.lang.AbstractStringBuilder::checkRange (63 bytes)
Event: 212.080 Thread 0x00007fb58d78a800 nmethod 805 0x00000001201e4190 code [0x00000001201e4440, 0x00000001201e4fd0]
Event: 212.106 Thread 0x00007fb58d78a800  807       3       java.util.ArrayList::grow (60 bytes)
Event: 212.107 Thread 0x00007fb58d78a800 nmethod 807 0x00000001201e5410 code [0x00000001201e5620, 0x00000001201e5df0]
Event: 212.107 Thread 0x00007fb58d78a800  806       3       java.util.ArrayList::grow (11 bytes)
Event: 212.107 Thread 0x00007fb58d78a800 nmethod 806 0x00000001201e6090 code [0x00000001201e6220, 0x00000001201e6360]
Event: 212.113 Thread 0x00007fb58d78a800  808       3       org.postgresql.core.VisibleBufferedInputStream::moveBufferTo (35 bytes)
Event: 212.113 Thread 0x00007fb58d78a800 nmethod 808 0x00000001201e6410 code [0x00000001201e65a0, 0x00000001201e67a0]
Event: 212.115 Thread 0x00007fb58d78a800  809   !   3       sun.nio.ch.NioSocketImpl::endRead (58 bytes)
Event: 212.115 Thread 0x00007fb58d78a800 nmethod 809 0x00000001201e6890 code [0x00000001201e6a60, 0x00000001201e6fd0]

GC Heap History (20 events):
Event: 211.747 GC heap before
{Heap before GC invocations=6 (full 2):
 garbage-first heap   total 17408K, used 6870K [0x00000007e0000000, 0x0000000800000000)
  region size 1024K, 3 young (3072K), 1 survivors (1024K)
 Metaspace       used 3272K, capacity 6214K, committed 6528K, reserved 1056768K
  class space    used 304K, capacity 606K, committed 640K, reserved 1048576K
}
Event: 211.748 GC heap after
{Heap after GC invocations=7 (full 2):
 garbage-first heap   total 17408K, used 5214K [0x00000007e0000000, 0x0000000800000000)
  region size 1024K, 1 young (1024K), 1 survivors (1024K)
 Metaspace       used 3272K, capacity 6214K, committed 6528K, reserved 1056768K
  class space    used 304K, capacity 606K, committed 640K, reserved 1048576K
}
Event: 212.009 GC heap before
{Heap before GC invocations=7 (full 2):
 garbage-first heap   total 17408K, used 5214K [0x00000007e0000000, 0x0000000800000000)
  region size 1024K, 3 young (3072K), 1 survivors (1024K)
 Metaspace       used 3275K, capacity 6214K, committed 6528K, reserved 1056768K
  class space    used 304K, capacity 606K, committed 640K, reserved 1048576K
}
Event: 212.021 GC heap after
{Heap after GC invocations=8 (full 3):
 garbage-first heap   total 17408K, used 4666K [0x00000007e0000000, 0x0000000800000000)
  region size 1024K, 0 young (0K), 0 survivors (0K)
 Metaspace       used 3275K, capacity 6214K, committed 6528K, reserved 1056768K
  class space    used 304K, capacity 606K, committed 640K, reserved 1048576K
}
Event: 212.031 GC heap before
{Heap before GC invocations=8 (full 3):
 garbage-first heap   total 17408K, used 7738K [0x00000007e0000000, 0x0000000800000000)
  region size 1024K, 3 young (3072K), 0 survivors (0K)
 Metaspace       used 3288K, capacity 6214K, committed 6528K, reserved 1056768K
  class space    used 304K, capacity 606K, committed 640K, reserved 1048576K
}
Event: 212.036 GC heap after
{Heap after GC invocations=9 (full 3):
 garbage-first heap   total 17408K, used 7715K [0x00000007e0000000, 0x0000000800000000)
  region size 1024K, 1 young (1024K), 1 survivors (1024K)
 Metaspace       used 3288K, capacity 6214K, committed 6528K, reserved 1056768K
  class space    used 304K, capacity 606K, committed 640K, reserved 1048576K
}
Event: 212.039 GC heap before
{Heap before GC invocations=9 (full 3):
 garbage-first heap   total 17408K, used 8739K [0x00000007e0000000, 0x0000000800000000)
  region size 1024K, 2 young (2048K), 1 survivors (1024K)
 Metaspace       used 3288K, capacity 6214K, committed 6528K, reserved 1056768K
  class space    used 304K, capacity 606K, committed 640K, reserved 1048576K
}
Event: 212.042 GC heap after
{Heap after GC invocations=10 (full 3):
 garbage-first heap   total 17408K, used 8902K [0x00000007e0000000, 0x0000000800000000)
  region size 1024K, 1 young (1024K), 1 survivors (1024K)
 Metaspace       used 3288K, capacity 6214K, committed 6528K, reserved 1056768K
  class space    used 304K, capacity 606K, committed 640K, reserved 1048576K
}
Event: 212.075 GC heap before
{Heap before GC invocations=11 (full 3):
 garbage-first heap   total 20480K, used 9926K [0x00000007e0000000, 0x0000000800000000)
  region size 1024K, 2 young (2048K), 1 survivors (1024K)
 Metaspace       used 3289K, capacity 6214K, committed 6528K, reserved 1056768K
  class space    used 304K, capacity 606K, committed 640K, reserved 1048576K
}
Event: 212.078 GC heap after
{Heap after GC invocations=12 (full 3):
 garbage-first heap   total 20480K, used 9824K [0x00000007e0000000, 0x0000000800000000)
  region size 1024K, 1 young (1024K), 1 survivors (1024K)
 Metaspace       used 3289K, capacity 6214K, committed 6528K, reserved 1056768K
  class space    used 304K, capacity 606K, committed 640K, reserved 1048576K
}
Event: 212.083 GC heap before
{Heap before GC invocations=12 (full 3):
 garbage-first heap   total 20480K, used 9824K [0x00000007e0000000, 0x0000000800000000)
  region size 1024K, 2 young (2048K), 1 survivors (1024K)
 Metaspace       used 3289K, capacity 6214K, committed 6528K, reserved 1056768K
  class space    used 304K, capacity 606K, committed 640K, reserved 1048576K
}
Event: 212.097 GC heap after
{Heap after GC invocations=13 (full 4):
 garbage-first heap   total 20480K, used 7486K [0x00000007e0000000, 0x0000000800000000)
  region size 1024K, 0 young (0K), 0 survivors (0K)
 Metaspace       used 3289K, capacity 6214K, committed 6528K, reserved 1056768K
  class space    used 304K, capacity 606K, committed 640K, reserved 1048576K
}
Event: 212.103 GC heap before
{Heap before GC invocations=13 (full 4):
 garbage-first heap   total 20480K, used 9534K [0x00000007e0000000, 0x0000000800000000)
  region size 1024K, 2 young (2048K), 0 survivors (0K)
 Metaspace       used 3289K, capacity 6214K, committed 6528K, reserved 1056768K
  class space    used 304K, capacity 606K, committed 640K, reserved 1048576K
}
Event: 212.105 GC heap after
{Heap after GC invocations=14 (full 4):
 garbage-first heap   total 20480K, used 9320K [0x00000007e0000000, 0x0000000800000000)
  region size 1024K, 1 young (1024K), 1 survivors (1024K)
 Metaspace       used 3289K, capacity 6214K, committed 6528K, reserved 1056768K
  class space    used 304K, capacity 606K, committed 640K, reserved 1048576K
}
Event: 212.110 GC heap before
{Heap before GC invocations=14 (full 4):
 garbage-first heap   total 20480K, used 10344K [0x00000007e0000000, 0x0000000800000000)
  region size 1024K, 2 young (2048K), 1 survivors (1024K)
 Metaspace       used 3289K, capacity 6214K, committed 6528K, reserved 1056768K
  class space    used 304K, capacity 606K, committed 640K, reserved 1048576K
}
Event: 212.112 GC heap after
{Heap after GC invocations=15 (full 4):
 garbage-first heap   total 20480K, used 10344K [0x00000007e0000000, 0x0000000800000000)
  region size 1024K, 1 young (1024K), 1 survivors (1024K)
 Metaspace       used 3289K, capacity 6214K, committed 6528K, reserved 1056768K
  class space    used 304K, capacity 606K, committed 640K, reserved 1048576K
}
Event: 212.116 GC heap before
{Heap before GC invocations=15 (full 4):
 garbage-first heap   total 20480K, used 11368K [0x00000007e0000000, 0x0000000800000000)
  region size 1024K, 2 young (2048K), 1 survivors (1024K)
 Metaspace       used 3291K, capacity 6214K, committed 6528K, reserved 1056768K
  class space    used 304K, capacity 606K, committed 640K, reserved 1048576K
}
Event: 212.118 GC heap after
{Heap after GC invocations=16 (full 4):
 garbage-first heap   total 20480K, used 10800K [0x00000007e0000000, 0x0000000800000000)
  region size 1024K, 1 young (1024K), 1 survivors (1024K)
 Metaspace       used 3291K, capacity 6214K, committed 6528K, reserved 1056768K
  class space    used 304K, capacity 606K, committed 640K, reserved 1048576K
}
Event: 212.123 GC heap before
{Heap before GC invocations=16 (full 4):
 garbage-first heap   total 20480K, used 11824K [0x00000007e0000000, 0x0000000800000000)
  region size 1024K, 2 young (2048K), 1 survivors (1024K)
 Metaspace       used 3291K, capacity 6214K, committed 6528K, reserved 1056768K
  class space    used 304K, capacity 606K, committed 640K, reserved 1048576K
}
Event: 212.124 GC heap after
{Heap after GC invocations=17 (full 4):
 garbage-first heap   total 20480K, used 11509K [0x00000007e0000000, 0x0000000800000000)
  region size 1024K, 1 young (1024K), 1 survivors (1024K)
 Metaspace       used 3291K, capacity 6214K, committed 6528K, reserved 1056768K
  class space    used 304K, capacity 606K, committed 640K, reserved 1048576K
}

Deoptimization events (20 events):
Event: 212.044 Thread 0x00007fb592b64800 DEOPT PACKING pc=0x00000001201c44b7 sp=0x00007ffee8db8210
Event: 212.044 Thread 0x00007fb592b64800 DEOPT UNPACKING pc=0x000000011fb0e33a sp=0x00007ffee8db77c8 mode 0
Event: 212.098 Thread 0x00007fb592b64800 DEOPT PACKING pc=0x00000001201ccf5e sp=0x00007ffee8db8220
Event: 212.098 Thread 0x00007fb592b64800 DEOPT UNPACKING pc=0x000000011fb0e33a sp=0x00007ffee8db77c8 mode 0
Event: 212.100 Thread 0x00007fb592b64800 DEOPT PACKING pc=0x00000001201c44b7 sp=0x00007ffee8db8210
Event: 212.100 Thread 0x00007fb592b64800 DEOPT UNPACKING pc=0x000000011fb0e33a sp=0x00007ffee8db77c8 mode 0
Event: 212.101 Thread 0x00007fb592b64800 DEOPT PACKING pc=0x00000001201d449b sp=0x00007ffee8db8210
Event: 212.101 Thread 0x00007fb592b64800 DEOPT UNPACKING pc=0x000000011fb0e33a sp=0x00007ffee8db77c8 mode 0
Event: 212.105 Thread 0x00007fb592b64800 DEOPT PACKING pc=0x00000001201c44b7 sp=0x00007ffee8db8210
Event: 212.105 Thread 0x00007fb592b64800 DEOPT UNPACKING pc=0x000000011fb0e33a sp=0x00007ffee8db77c8 mode 0
Event: 212.108 Thread 0x00007fb592b64800 DEOPT PACKING pc=0x00000001201c448c sp=0x00007ffee8db8210
Event: 212.108 Thread 0x00007fb592b64800 DEOPT UNPACKING pc=0x000000011fb0e33a sp=0x00007ffee8db77d0 mode 0
Event: 212.113 Thread 0x00007fb592b64800 DEOPT PACKING pc=0x00000001201c44b7 sp=0x00007ffee8db8210
Event: 212.113 Thread 0x00007fb592b64800 DEOPT UNPACKING pc=0x000000011fb0e33a sp=0x00007ffee8db77c8 mode 0
Event: 212.115 Thread 0x00007fb592b64800 DEOPT PACKING pc=0x00000001201c44b7 sp=0x00007ffee8db8210
Event: 212.115 Thread 0x00007fb592b64800 DEOPT UNPACKING pc=0x000000011fb0e33a sp=0x00007ffee8db77c8 mode 0
Event: 212.119 Thread 0x00007fb592b64800 DEOPT PACKING pc=0x00000001201d449b sp=0x00007ffee8db8210
Event: 212.119 Thread 0x00007fb592b64800 DEOPT UNPACKING pc=0x000000011fb0e33a sp=0x00007ffee8db77c8 mode 0
Event: 212.122 Thread 0x00007fb592b64800 DEOPT PACKING pc=0x00000001201c44b7 sp=0x00007ffee8db8210
Event: 212.122 Thread 0x00007fb592b64800 DEOPT UNPACKING pc=0x000000011fb0e33a sp=0x00007ffee8db77c8 mode 0

Classes unloaded (0 events):
No events

Classes redefined (0 events):
No events

Internal exceptions (1 events):
Event: 89.702 Thread 0x00007fb592b64800 Exception <a 'java/lang/NoSuchMethodError'{0x00000007ef963590}: 'int java.lang.invoke.DirectMethodHandle$Holder.invokeSpecialIFC(java.lang.Object, java.lang.Object, int)'> (0x00000007ef963590) 
thrown [./open/src/hotspot/share/interpreter/linkResolver.cpp, line 766]

Events (20 events):
Event: 212.036 Executing VM operation: G1CollectForAllocation done
Event: 212.039 Executing VM operation: G1CollectForAllocation
Event: 212.042 Executing VM operation: G1CollectForAllocation done
Event: 212.052 Executing VM operation: G1Concurrent
Event: 212.053 Executing VM operation: G1Concurrent done
Event: 212.058 Executing VM operation: G1Concurrent
Event: 212.058 Executing VM operation: G1Concurrent done
Event: 212.075 Executing VM operation: G1CollectForAllocation
Event: 212.078 Executing VM operation: G1CollectForAllocation done
Event: 212.083 Executing VM operation: G1CollectFull
Event: 212.098 Executing VM operation: G1CollectFull done
Event: 212.103 Executing VM operation: G1CollectForAllocation
Event: 212.105 Executing VM operation: G1CollectForAllocation done
Event: 212.109 Executing VM operation: G1CollectForAllocation
Event: 212.112 Executing VM operation: G1CollectForAllocation done
Event: 212.116 Executing VM operation: G1CollectForAllocation
Event: 212.118 Executing VM operation: G1CollectForAllocation done
Event: 212.122 Executing VM operation: G1CollectForAllocation
Event: 212.124 Executing VM operation: G1CollectForAllocation done
Event: 212.125 Executing VM operation: G1Concurrent


Dynamic libraries:
0x00007fff2b99c000 	/System/Library/Frameworks/AppKit.framework/Versions/C/AppKit
0x0000000107eca000 	/Library/Frameworks/R.framework/Versions/3.6/Resources/lib/libR.dylib
0x00007fff657be000 	/usr/lib/libSystem.B.dylib
0x00007fff67cfa000 	/usr/lib/libz.1.dylib
0x00007fff2fad1000 	/System/Library/Frameworks/CoreServices.framework/Versions/A/CoreServices
0x000000010835a000 	/Applications/RStudio.app/Contents/Frameworks/libssl.1.0.0.dylib
0x00000001083be000 	/Applications/RStudio.app/Contents/Frameworks/libcrypto.1.0.0.dylib
0x00007fff65aa4000 	/usr/lib/libc++.1.dylib
0x00007fff2e6e9000 	/System/Library/Frameworks/CoreFoundation.framework/Versions/A/CoreFoundation
0x00007fff30da6000 	/System/Library/Frameworks/Foundation.framework/Versions/C/Foundation
0x00007fff6761e000 	/usr/lib/libobjc.A.dylib
0x00007fff5f7d4000 	/System/Library/PrivateFrameworks/UIFoundation.framework/Versions/A/UIFoundation
0x00007fff5a868000 	/System/Library/PrivateFrameworks/RemoteViewServices.framework/Versions/A/RemoteViewServices
0x00007fff6232e000 	/System/Library/PrivateFrameworks/XCTTargetBootstrap.framework/Versions/A/XCTTargetBootstrap
0x00007fff2e5b6000 	/System/Library/Frameworks/CoreDisplay.framework/Versions/A/CoreDisplay
0x00007fff33c60000 	/System/Library/Frameworks/Metal.framework/Versions/A/Metal
0x00007fff48855000 	/System/Library/PrivateFrameworks/DesktopServicesPriv.framework/Versions/A/DesktopServicesPriv
0x00007fff668f9000 	/usr/lib/liblangid.dylib
0x00007fff47aea000 	/System/Library/PrivateFrameworks/CoreSVG.framework/Versions/A/CoreSVG
0x00007fff5d9c4000 	/System/Library/PrivateFrameworks/SkyLight.framework/Versions/A/SkyLight
0x00007fff2eb6a000 	/System/Library/Frameworks/CoreGraphics.framework/Versions/A/CoreGraphics
0x00007fff2a370000 	/System/Library/Frameworks/Accelerate.framework/Versions/A/Accelerate
0x00007fff67beb000 	/usr/lib/libxml2.2.dylib
0x00007fff537f3000 	/System/Library/PrivateFrameworks/IconServices.framework/Versions/A/IconServices
0x00007fff31585000 	/System/Library/Frameworks/IOSurface.framework/Versions/A/IOSurface
0x00007fff652e8000 	/usr/lib/libDiagnosticMessagesClient.dylib
0x00007fff2c7ac000 	/System/Library/Frameworks/ApplicationServices.framework/Versions/A/ApplicationServices
0x00007fff486af000 	/System/Library/PrivateFrameworks/DFRFoundation.framework/Versions/A/DFRFoundation
0x00007fff66688000 	/usr/lib/libicucore.A.dylib
0x00007fff2cade000 	/System/Library/Frameworks/AudioToolbox.framework/Versions/A/AudioToolbox
0x00007fff2cbc1000 	/System/Library/Frameworks/AudioUnit.framework/Versions/A/AudioUnit
0x00007fff659c0000 	/usr/lib/libauto.dylib
0x00007fff2e1cb000 	/System/Library/Frameworks/CoreData.framework/Versions/A/CoreData
0x00007fff48751000 	/System/Library/PrivateFrameworks/DataDetectorsCore.framework/Versions/A/DataDetectorsCore
0x00007fff2d368000 	/System/Library/Frameworks/Carbon.framework/Versions/A/Frameworks/HIToolbox.framework/Versions/A/HIToolbox
0x00007fff3a238000 	/System/Library/Frameworks/QuartzCore.framework/Versions/A/QuartzCore
0x00007fff3b03e000 	/System/Library/Frameworks/Security.framework/Versions/A/Security
0x00007fff2d6a7000 	/System/Library/Frameworks/Carbon.framework/Versions/A/Frameworks/SpeechRecognition.framework/Versions/A/SpeechRecognition
0x00007fff481c3000 	/System/Library/PrivateFrameworks/CoreUI.framework/Versions/A/CoreUI
0x00007fff2dc36000 	/System/Library/Frameworks/CoreAudio.framework/Versions/A/CoreAudio
0x00007fff30a65000 	/System/Library/Frameworks/DiskArbitration.framework/Versions/A/DiskArbitration
0x00007fff55843000 	/System/Library/PrivateFrameworks/MultitouchSupport.framework/Versions/A/MultitouchSupport
0x00007fff6654f000 	/usr/lib/libenergytrace.dylib
0x00007fff314df000 	/System/Library/Frameworks/IOKit.framework/Versions/A/IOKit
0x00007fff579fb000 	/System/Library/PrivateFrameworks/PerformanceAnalysis.framework/Versions/A/PerformanceAnalysis
0x00007fff3926b000 	/System/Library/Frameworks/OpenGL.framework/Versions/A/OpenGL
0x00007fff2d855000 	/System/Library/Frameworks/ColorSync.framework/Versions/A/ColorSync
0x00007fff2f1ed000 	/System/Library/Frameworks/CoreImage.framework/Versions/A/CoreImage
0x00007fff30544000 	/System/Library/Frameworks/CoreText.framework/Versions/A/CoreText
0x00007fff31615000 	/System/Library/Frameworks/ImageIO.framework/Versions/A/ImageIO
0x00007fff65b20000 	/usr/lib/libcompression.dylib
0x00007fff6562c000 	/usr/lib/libMobileGestalt.dylib
0x00007fff5f53e000 	/System/Library/PrivateFrameworks/TextureIO.framework/Versions/A/TextureIO
0x00007fff65923000 	/usr/lib/libate.dylib
0x00007fff539fc000 	/System/Library/PrivateFrameworks/InternationalSupport.framework/Versions/A/InternationalSupport
0x00007fff685bb000 	/usr/lib/system/libcache.dylib
0x00007fff685c1000 	/usr/lib/system/libcommonCrypto.dylib
0x00007fff685cd000 	/usr/lib/system/libcompiler_rt.dylib
0x00007fff685d5000 	/usr/lib/system/libcopyfile.dylib
0x00007fff685df000 	/usr/lib/system/libcorecrypto.dylib
0x00007fff6877e000 	/usr/lib/system/libdispatch.dylib
0x00007fff687bf000 	/usr/lib/system/libdyld.dylib
0x00007fff687f6000 	/usr/lib/system/libkeymgr.dylib
0x00007fff68804000 	/usr/lib/system/liblaunch.dylib
0x00007fff68805000 	/usr/lib/system/libmacho.dylib
0x00007fff6880b000 	/usr/lib/system/libquarantine.dylib
0x00007fff6880e000 	/usr/lib/system/libremovefile.dylib
0x00007fff68810000 	/usr/lib/system/libsystem_asl.dylib
0x00007fff68828000 	/usr/lib/system/libsystem_blocks.dylib
0x00007fff68829000 	/usr/lib/system/libsystem_c.dylib
0x00007fff688b1000 	/usr/lib/system/libsystem_configuration.dylib
0x00007fff688b5000 	/usr/lib/system/libsystem_coreservices.dylib
0x00007fff688b9000 	/usr/lib/system/libsystem_darwin.dylib
0x00007fff688c2000 	/usr/lib/system/libsystem_dnssd.dylib
0x00007fff688ca000 	/usr/lib/system/libsystem_featureflags.dylib
0x00007fff688cc000 	/usr/lib/system/libsystem_info.dylib
0x00007fff68947000 	/usr/lib/system/libsystem_m.dylib
0x00007fff6898f000 	/usr/lib/system/libsystem_malloc.dylib
0x00007fff689b7000 	/usr/lib/system/libsystem_networkextension.dylib
0x00007fff689c5000 	/usr/lib/system/libsystem_notify.dylib
0x00007fff689e3000 	/usr/lib/system/libsystem_sandbox.dylib
0x00007fff689e8000 	/usr/lib/system/libsystem_secinit.dylib
0x00007fff6891a000 	/usr/lib/system/libsystem_kernel.dylib
0x00007fff689cf000 	/usr/lib/system/libsystem_platform.dylib
0x00007fff689d8000 	/usr/lib/system/libsystem_pthread.dylib
0x00007fff689eb000 	/usr/lib/system/libsystem_symptoms.dylib
0x00007fff689f3000 	/usr/lib/system/libsystem_trace.dylib
0x00007fff68a0b000 	/usr/lib/system/libunwind.dylib
0x00007fff68a11000 	/usr/lib/system/libxpc.dylib
0x00007fff65af7000 	/usr/lib/libc++abi.dylib
0x00007fff668fb000 	/usr/lib/liblzma.5.dylib
0x00007fff66576000 	/usr/lib/libfakelink.dylib
0x00007fff658b0000 	/usr/lib/libarchive.2.dylib
0x00007fff3c0ef000 	/System/Library/Frameworks/SystemConfiguration.framework/Versions/A/SystemConfiguration
0x00007fff6521b000 	/usr/lib/libCRFSuite.dylib
0x00007fff2cf58000 	/System/Library/Frameworks/CFNetwork.framework/Versions/A/CFNetwork
0x00007fff65a86000 	/usr/lib/libbsm.0.dylib
0x00007fff687f7000 	/usr/lib/system/libkxld.dylib
0x00007fff4202c000 	/System/Library/PrivateFrameworks/AppleFSCompression.framework/Versions/A/AppleFSCompression
0x00007fff65e11000 	/usr/lib/libcoretls.dylib
0x00007fff65e28000 	/usr/lib/libcoretls_cfhelpers.dylib
0x00007fff67664000 	/usr/lib/libpam.2.dylib
0x00007fff67799000 	/usr/lib/libsqlite3.dylib
0x00007fff67bd8000 	/usr/lib/libxar.1.dylib
0x00007fff65a97000 	/usr/lib/libbz2.1.0.dylib
0x00007fff66597000 	/usr/lib/libiconv.2.dylib
0x00007fff65b0d000 	/usr/lib/libcharset.1.dylib
0x00007fff67101000 	/usr/lib/libnetwork.dylib
0x00007fff6766b000 	/usr/lib/libpcap.A.dylib
0x00007fff65865000 	/usr/lib/libapple_nghttp2.dylib
0x00007fff2fe88000 	/System/Library/Frameworks/CoreServices.framework/Versions/A/Frameworks/FSEvents.framework/Versions/A/FSEvents
0x00007fff2fb58000 	/System/Library/Frameworks/CoreServices.framework/Versions/A/Frameworks/CarbonCore.framework/Versions/A/CarbonCore
0x00007fff300cc000 	/System/Library/Frameworks/CoreServices.framework/Versions/A/Frameworks/Metadata.framework/Versions/A/Metadata
0x00007fff30165000 	/System/Library/Frameworks/CoreServices.framework/Versions/A/Frameworks/OSServices.framework/Versions/A/OSServices
0x00007fff30193000 	/System/Library/Frameworks/CoreServices.framework/Versions/A/Frameworks/SearchKit.framework/Versions/A/SearchKit
0x00007fff2fad2000 	/System/Library/Frameworks/CoreServices.framework/Versions/A/Frameworks/AE.framework/Versions/A/AE
0x00007fff2fe91000 	/System/Library/Frameworks/CoreServices.framework/Versions/A/Frameworks/LaunchServices.framework/Versions/A/LaunchServices
0x00007fff2fe3a000 	/System/Library/Frameworks/CoreServices.framework/Versions/A/Frameworks/DictionaryServices.framework/Versions/A/DictionaryServices
0x00007fff301fb000 	/System/Library/Frameworks/CoreServices.framework/Versions/A/Frameworks/SharedFileList.framework/Versions/A/SharedFileList
0x00007fff3508a000 	/System/Library/Frameworks/NetFS.framework/Versions/A/NetFS
0x00007fff55d73000 	/System/Library/PrivateFrameworks/NetAuth.framework/Versions/A/NetAuth
0x00007fff626fb000 	/System/Library/PrivateFrameworks/login.framework/Versions/A/Frameworks/loginsupport.framework/Versions/A/loginsupport
0x00007fff5f009000 	/System/Library/PrivateFrameworks/TCC.framework/Versions/A/TCC
0x00007fff46c5d000 	/System/Library/PrivateFrameworks/CoreNLP.framework/Versions/A/CoreNLP
0x00007fff55270000 	/System/Library/PrivateFrameworks/MetadataUtilities.framework/Versions/A/MetadataUtilities
0x00007fff669d3000 	/usr/lib/libmecabra.dylib
0x00007fff6692b000 	/usr/lib/libmecab.dylib
0x00007fff66587000 	/usr/lib/libgermantok.dylib
0x00007fff6584c000 	/usr/lib/libThaiTokenizer.dylib
0x00007fff65252000 	/usr/lib/libChineseTokenizer.dylib
0x00007fff2a388000 	/System/Library/Frameworks/Accelerate.framework/Versions/A/Frameworks/vImage.framework/Versions/A/vImage
0x00007fff2b7f2000 	/System/Library/Frameworks/Accelerate.framework/Versions/A/Frameworks/vecLib.framework/Versions/A/vecLib
0x00007fff2b72f000 	/System/Library/Frameworks/Accelerate.framework/Versions/A/Frameworks/vecLib.framework/Versions/A/libvMisc.dylib
0x00007fff2b557000 	/System/Library/Frameworks/Accelerate.framework/Versions/A/Frameworks/vecLib.framework/Versions/A/libvDSP.dylib
0x00007fff2a9df000 	/System/Library/Frameworks/Accelerate.framework/Versions/A/Frameworks/vecLib.framework/Versions/A/libBLAS.dylib
0x00007fff2b11b000 	/System/Library/Frameworks/Accelerate.framework/Versions/A/Frameworks/vecLib.framework/Versions/A/libLAPACK.dylib
0x00007fff2b4b7000 	/System/Library/Frameworks/Accelerate.framework/Versions/A/Frameworks/vecLib.framework/Versions/A/libLinearAlgebra.dylib
0x00007fff2b544000 	/System/Library/Frameworks/Accelerate.framework/Versions/A/Frameworks/vecLib.framework/Versions/A/libSparseBLAS.dylib
0x00007fff2b4cd000 	/System/Library/Frameworks/Accelerate.framework/Versions/A/Frameworks/vecLib.framework/Versions/A/libQuadrature.dylib
0x00007fff2ac47000 	/System/Library/Frameworks/Accelerate.framework/Versions/A/Frameworks/vecLib.framework/Versions/A/libBNNS.dylib
0x00007fff2b4d3000 	/System/Library/Frameworks/Accelerate.framework/Versions/A/Frameworks/vecLib.framework/Versions/A/libSparse.dylib
0x00007fff53de4000 	/System/Library/PrivateFrameworks/LanguageModeling.framework/Versions/A/LanguageModeling
0x00007fff4660d000 	/System/Library/PrivateFrameworks/CoreEmoji.framework/Versions/A/CoreEmoji
0x00007fff53f02000 	/System/Library/PrivateFrameworks/LinguisticData.framework/Versions/A/LinguisticData
0x00007fff53eb3000 	/System/Library/PrivateFrameworks/Lexicon.framework/Versions/A/Lexicon
0x00007fff65b0e000 	/usr/lib/libcmph.dylib
0x00007fff37c79000 	/System/Library/Frameworks/OpenDirectory.framework/Versions/A/Frameworks/CFOpenDirectory.framework/Versions/A/CFOpenDirectory
0x00007fff37c96000 	/System/Library/Frameworks/OpenDirectory.framework/Versions/A/OpenDirectory
0x00007fff400d9000 	/System/Library/PrivateFrameworks/APFS.framework/Versions/A/APFS
0x00007fff3b388000 	/System/Library/Frameworks/SecurityFoundation.framework/Versions/A/SecurityFoundation
0x00007fff67bd4000 	/usr/lib/libutil.dylib
0x00007fff47b42000 	/System/Library/PrivateFrameworks/CoreServicesStore.framework/Versions/A/CoreServicesStore
0x00007fff3b43f000 	/System/Library/Frameworks/ServiceManagement.framework/Versions/A/ServiceManagement
0x00007fff437fc000 	/System/Library/PrivateFrameworks/BackgroundTaskManagement.framework/Versions/A/BackgroundTaskManagement
0x00007fff67cd1000 	/usr/lib/libxslt.1.dylib
0x00007fff4269f000 	/System/Library/PrivateFrameworks/AppleSystemInfo.framework/Versions/A/AppleSystemInfo
0x00007fff31830000 	/System/Library/Frameworks/ImageIO.framework/Versions/A/Resources/libJPEG.dylib
0x00007fff31aee000 	/System/Library/Frameworks/ImageIO.framework/Versions/A/Resources/libTIFF.dylib
0x00007fff31ad1000 	/System/Library/Frameworks/ImageIO.framework/Versions/A/Resources/libPng.dylib
0x00007fff31772000 	/System/Library/Frameworks/ImageIO.framework/Versions/A/Resources/libGIF.dylib
0x00007fff31776000 	/System/Library/Frameworks/ImageIO.framework/Versions/A/Resources/libJP2.dylib
0x00007fff31aec000 	/System/Library/Frameworks/ImageIO.framework/Versions/A/Resources/libRadiance.dylib
0x00007fff66550000 	/usr/lib/libexpat.1.dylib
0x00007fff42187000 	/System/Library/PrivateFrameworks/AppleJPEG.framework/Versions/A/AppleJPEG
0x00007fff4ae58000 	/System/Library/PrivateFrameworks/FontServices.framework/libFontParser.dylib
0x00007fff616fd000 	/System/Library/PrivateFrameworks/WatchdogClient.framework/Versions/A/WatchdogClient
0x00007fff5343f000 	/System/Library/PrivateFrameworks/IOAccelerator.framework/Versions/A/IOAccelerator
0x00007fff33ffb000 	/System/Library/Frameworks/MetalPerformanceShaders.framework/Versions/A/MetalPerformanceShaders
0x00007fff4fbd5000 	/System/Library/PrivateFrameworks/GPUWrangler.framework/Versions/A/GPUWrangler
0x00007fff53454000 	/System/Library/PrivateFrameworks/IOPresentment.framework/Versions/A/IOPresentment
0x00007fff486c2000 	/System/Library/PrivateFrameworks/DSExternalDisplay.framework/Versions/A/DSExternalDisplay
0x00007fff3860a000 	/System/Library/Frameworks/OpenGL.framework/Versions/A/Libraries/libCoreFSCache.dylib
0x00007fff33d47000 	/System/Library/Frameworks/MetalPerformanceShaders.framework/Frameworks/MPSCore.framework/Versions/A/MPSCore
0x00007fff33d85000 	/System/Library/Frameworks/MetalPerformanceShaders.framework/Frameworks/MPSImage.framework/Versions/A/MPSImage
0x00007fff33e4c000 	/System/Library/Frameworks/MetalPerformanceShaders.framework/Frameworks/MPSNeuralNetwork.framework/Versions/A/MPSNeuralNetwork
0x00007fff33e10000 	/System/Library/Frameworks/MetalPerformanceShaders.framework/Frameworks/MPSMatrix.framework/Versions/A/MPSMatrix
0x00007fff33fab000 	/System/Library/Frameworks/MetalPerformanceShaders.framework/Frameworks/MPSRayIntersector.framework/Versions/A/MPSRayIntersector
0x00007fff33e36000 	/System/Library/Frameworks/MetalPerformanceShaders.framework/Frameworks/MPSNDArray.framework/Versions/A/MPSNDArray
0x00007fff552bd000 	/System/Library/PrivateFrameworks/MetalTools.framework/Versions/A/MetalTools
0x00007fff412b3000 	/System/Library/PrivateFrameworks/AggregateDictionary.framework/Versions/A/AggregateDictionary
0x00007fff46055000 	/System/Library/PrivateFrameworks/CoreAnalytics.framework/Versions/A/CoreAnalytics
0x00007fff425be000 	/System/Library/PrivateFrameworks/AppleSauce.framework/Versions/A/AppleSauce
0x00007fff6550e000 	/usr/lib/libIOReport.dylib
0x00007fff306fc000 	/System/Library/Frameworks/CoreVideo.framework/Versions/A/CoreVideo
0x00007fff5104e000 	/System/Library/PrivateFrameworks/GraphVisualizer.framework/Versions/A/GraphVisualizer
0x00007fff4a39e000 	/System/Library/PrivateFrameworks/FaceCore.framework/Versions/A/FaceCore
0x00007fff37c20000 	/System/Library/Frameworks/OpenCL.framework/Versions/A/OpenCL
0x00007fff65330000 	/usr/lib/libFosl_dynamic.dylib
0x00007fff56793000 	/System/Library/PrivateFrameworks/OTSVG.framework/Versions/A/OTSVG
0x00007fff2c8b1000 	/System/Library/Frameworks/ApplicationServices.framework/Versions/A/Frameworks/ATS.framework/Versions/A/Resources/libFontRegistry.dylib
0x00007fff4b029000 	/System/Library/PrivateFrameworks/FontServices.framework/libhvf.dylib
0x00007fff38615000 	/System/Library/Frameworks/OpenGL.framework/Versions/A/Libraries/libGFXShared.dylib
0x00007fff387f3000 	/System/Library/Frameworks/OpenGL.framework/Versions/A/Libraries/libGLU.dylib
0x00007fff3861e000 	/System/Library/Frameworks/OpenGL.framework/Versions/A/Libraries/libGL.dylib
0x00007fff38629000 	/System/Library/Frameworks/OpenGL.framework/Versions/A/Libraries/libGLImage.dylib
0x00007fff38607000 	/System/Library/Frameworks/OpenGL.framework/Versions/A/Libraries/libCVMSPluginSupport.dylib
0x00007fff38610000 	/System/Library/Frameworks/OpenGL.framework/Versions/A/Libraries/libCoreVMClient.dylib
0x00007fff66fa2000 	/usr/lib/libncurses.5.4.dylib
0x00007fff2c7ad000 	/System/Library/Frameworks/ApplicationServices.framework/Versions/A/Frameworks/ATS.framework/Versions/A/ATS
0x00007fff2c97a000 	/System/Library/Frameworks/ApplicationServices.framework/Versions/A/Frameworks/ColorSyncLegacy.framework/Versions/A/ColorSyncLegacy
0x00007fff2ca18000 	/System/Library/Frameworks/ApplicationServices.framework/Versions/A/Frameworks/HIServices.framework/Versions/A/HIServices
0x00007fff2ca70000 	/System/Library/Frameworks/ApplicationServices.framework/Versions/A/Frameworks/LangAnalysis.framework/Versions/A/LangAnalysis
0x00007fff2ca7f000 	/System/Library/Frameworks/ApplicationServices.framework/Versions/A/Frameworks/PrintCore.framework/Versions/A/PrintCore
0x00007fff2cac5000 	/System/Library/Frameworks/ApplicationServices.framework/Versions/A/Frameworks/QD.framework/Versions/A/QD
0x00007fff2cad0000 	/System/Library/Frameworks/ApplicationServices.framework/Versions/A/Frameworks/SpeechSynthesis.framework/Versions/A/SpeechSynthesis
0x00007fff2c94a000 	/System/Library/Frameworks/ApplicationServices.framework/Versions/A/Frameworks/ATSUI.framework/Versions/A/ATSUI
0x00007fff663e6000 	/usr/lib/libcups.2.dylib
0x00007fff33096000 	/System/Library/Frameworks/Kerberos.framework/Versions/A/Kerberos
0x00007fff311d8000 	/System/Library/Frameworks/GSS.framework/Versions/A/GSS
0x00007fff67725000 	/usr/lib/libresolv.9.dylib
0x00007fff511fb000 	/System/Library/PrivateFrameworks/Heimdal.framework/Versions/A/Heimdal
0x00007fff330a9000 	/System/Library/Frameworks/Kerberos.framework/Versions/A/Libraries/libHeimdalProxy.dylib
0x00007fff6658d000 	/usr/lib/libheimdal-asn1.dylib
0x00007fff454ed000 	/System/Library/PrivateFrameworks/CommonAuth.framework/Versions/A/CommonAuth
0x00007fff4273c000 	/System/Library/PrivateFrameworks/AssertionServices.framework/Versions/A/AssertionServices
0x00007fff432df000 	/System/Library/PrivateFrameworks/AudioToolboxCore.framework/Versions/A/AudioToolboxCore
0x00007fff623ab000 	/System/Library/PrivateFrameworks/caulk.framework/Versions/A/caulk
0x00007fff438a8000 	/System/Library/PrivateFrameworks/BaseBoard.framework/Versions/A/BaseBoard
0x00007fff5a9f6000 	/System/Library/PrivateFrameworks/RunningBoardServices.framework/Versions/A/RunningBoardServices
0x00007fff57a07000 	/System/Library/PrivateFrameworks/PersistentConnection.framework/Versions/A/PersistentConnection
0x00007fff5a3ef000 	/System/Library/PrivateFrameworks/ProtocolBuffer.framework/Versions/A/ProtocolBuffer
0x00007fff45511000 	/System/Library/PrivateFrameworks/CommonUtilities.framework/Versions/A/CommonUtilities
0x00007fff43a36000 	/System/Library/PrivateFrameworks/Bom.framework/Versions/A/Bom
0x00007fff651e1000 	/usr/lib/libAudioToolboxUtility.dylib
0x00007fff43806000 	/System/Library/PrivateFrameworks/Backup.framework/Versions/A/Backup
0x00007fff485e3000 	/System/Library/PrivateFrameworks/CrashReporterSupport.framework/Versions/A/CrashReporterSupport
0x00007fff5c488000 	/System/Library/PrivateFrameworks/Sharing.framework/Versions/A/Sharing
0x00007fff41d4a000 	/System/Library/PrivateFrameworks/Apple80211.framework/Versions/A/Apple80211
0x00007fff43523000 	/System/Library/PrivateFrameworks/AuthKit.framework/Versions/A/AuthKit
0x00007fff482f0000 	/System/Library/PrivateFrameworks/CoreUtils.framework/Versions/A/CoreUtils
0x00007fff30741000 	/System/Library/Frameworks/CoreWLAN.framework/Versions/A/CoreWLAN
0x00007fff31365000 	/System/Library/Frameworks/IOBluetooth.framework/Versions/A/IOBluetooth
0x00007fff555c2000 	/System/Library/PrivateFrameworks/MobileKeyBag.framework/Versions/A/MobileKeyBag
0x00007fff470f5000 	/System/Library/PrivateFrameworks/CorePhoneNumbers.framework/Versions/A/CorePhoneNumbers
0x00007fff4213a000 	/System/Library/PrivateFrameworks/AppleIDAuthSupport.framework/Versions/A/AppleIDAuthSupport
0x00007fff35097000 	/System/Library/Frameworks/Network.framework/Versions/A/Network
0x00007fff53c90000 	/System/Library/PrivateFrameworks/KeychainCircle.framework/Versions/A/KeychainCircle
0x00007fff2e192000 	/System/Library/Frameworks/CoreBluetooth.framework/Versions/A/CoreBluetooth
0x00007fff5e507000 	/System/Library/PrivateFrameworks/SpeechRecognitionCore.framework/Versions/A/SpeechRecognitionCore
0x0000000108582000 	/Library/Frameworks/R.framework/Versions/3.6/Resources/lib/libRblas.dylib
0x00000001085b8000 	/Library/Frameworks/R.framework/Versions/3.6/Resources/lib/libgfortran.3.dylib
0x000000010874a000 	/Library/Frameworks/R.framework/Versions/3.6/Resources/lib/libquadmath.0.dylib
0x0000000108794000 	/Library/Frameworks/R.framework/Versions/3.6/Resources/lib/libreadline.5.2.dylib
0x00000001087d6000 	/Library/Frameworks/R.framework/Versions/3.6/Resources/lib/libomp.dylib
0x000000010886f000 	/Library/Frameworks/R.framework/Versions/3.6/Resources/lib/libgcc_s.1.dylib
0x000000010a3db000 	/Library/Frameworks/R.framework/Versions/3.6/Resources/library/methods/libs/methods.so
0x000000010a3e6000 	/Library/Frameworks/R.framework/Versions/3.6/Resources/library/grDevices/libs/grDevices.so
0x00007fff626fe000 	/System/Library/PrivateFrameworks/login.framework/Versions/A/login
0x000000010a435000 	/Library/Frameworks/R.framework/Versions/3.6/Resources/library/graphics/libs/graphics.so
0x000000010a479000 	/Library/Frameworks/R.framework/Versions/3.6/Resources/library/utils/libs/utils.so
0x000000010a488000 	/Library/Frameworks/R.framework/Versions/3.6/Resources/library/stats/libs/stats.so
0x000000010a54e000 	/Library/Frameworks/R.framework/Versions/3.6/Resources/lib/libRlapack.dylib
0x000000010a77b000 	/Library/Frameworks/R.framework/Versions/3.6/Resources/library/fansi/libs/fansi.so
0x000000010a78d000 	/Library/Frameworks/R.framework/Versions/3.6/Resources/library/glue/libs/glue.so
0x000000010a792000 	/Library/Frameworks/R.framework/Versions/3.6/Resources/library/tools/libs/tools.so
0x000000010a7ac000 	/Library/Frameworks/R.framework/Versions/3.6/Resources/library/rlang/libs/rlang.so
0x0000000108790000 	/Library/Frameworks/R.framework/Versions/3.6/Resources/library/ellipsis/libs/ellipsis.so
0x000000010a7d8000 	/Library/Frameworks/R.framework/Versions/3.6/Resources/library/digest/libs/digest.so
0x000000010a7fa000 	/Library/Frameworks/R.framework/Versions/3.6/Resources/lib/libc++.1.dylib
0x000000010a8cc000 	/Library/Frameworks/R.framework/Versions/3.6/Resources/lib/libc++abi.1.dylib
0x000000010a941000 	/Library/Frameworks/R.framework/Versions/3.6/Resources/library/processx/libs/processx.so
0x000000010a953000 	/Library/Frameworks/R.framework/Versions/3.6/Resources/library/ps/libs/ps.so
0x00000001087d2000 	/Library/Frameworks/R.framework/Versions/3.6/Resources/library/pkgload/libs/pkgload.so
0x000000010a966000 	/Library/Frameworks/R.framework/Versions/3.6/Resources/library/backports/libs/backports.so
0x000000010a96a000 	/Library/Frameworks/R.framework/Versions/3.6/Resources/library/testthat/libs/testthat.so
0x000000010aa23000 	/Library/Frameworks/R.framework/Versions/3.6/Resources/library/fs/libs/fs.so
0x000000010aa5e000 	/Library/Frameworks/R.framework/Versions/3.6/Resources/library/curl/libs/curl.so
0x00007fff66447000 	/usr/lib/libcurl.4.dylib
0x00007fff662cc000 	/usr/lib/libcrypto.44.dylib
0x00007fff67a77000 	/usr/lib/libssl.46.dylib
0x00007fff330aa000 	/System/Library/Frameworks/LDAP.framework/Versions/A/LDAP
0x00007fff5f79b000 	/System/Library/PrivateFrameworks/TrustEvaluationAgent.framework/Versions/A/TrustEvaluationAgent
0x00007fff67784000 	/usr/lib/libsasl2.2.dylib
0x00007fff46381000 	/System/Library/PrivateFrameworks/CoreDaemon.framework/Versions/B/CoreDaemon
0x00007fff425b9000 	/System/Library/PrivateFrameworks/AppleSRP.framework/Versions/A/AppleSRP
0x00007fff67b79000 	/usr/lib/libusrtcp.dylib
0x000000010aa76000 	/Library/Frameworks/R.framework/Versions/3.6/Resources/library/vctrs/libs/vctrs.so
0x000000010aacd000 	/Library/Frameworks/R.framework/Versions/3.6/Resources/library/tibble/libs/tibble.so
0x000000010aad3000 	/Library/Frameworks/R.framework/Versions/3.6/Resources/library/purrr/libs/purrr.so
0x000000010aadd000 	/Library/Frameworks/R.framework/Versions/3.6/Resources/library/dplyr/libs/dplyr.so
0x000000010aaeb000 	/Library/Frameworks/R.framework/Versions/3.6/Resources/library/stringi/libs/stringi.so
0x000000010cb20000 	/Library/Frameworks/R.framework/Versions/3.6/Resources/library/grid/libs/grid.so
0x000000010cb48000 	/Library/Frameworks/R.framework/Versions/3.6/Resources/library/colorspace/libs/colorspace.so
0x000000010cb5a000 	/Library/Frameworks/R.framework/Versions/3.6/Resources/library/jsonlite/libs/jsonlite.so
0x000000010cb6d000 	/Library/Frameworks/R.framework/Versions/3.6/Resources/library/Rcpp/libs/Rcpp.so
0x000000010cbfe000 	/Library/Frameworks/R.framework/Versions/3.6/Resources/library/magick/libs/magick.so
0x000000010e941000 	/Library/Frameworks/R.framework/Versions/3.6/Resources/library/lattice/libs/lattice.so
0x000000010e946000 	/Library/Frameworks/R.framework/Versions/3.6/Resources/library/hexbin/libs/hexbin.so
0x000000010e94b000 	/Library/Frameworks/R.framework/Versions/3.6/Resources/library/sysfonts/libs/sysfonts.so
0x000000010e950000 	/opt/X11/lib/libfreetype.6.dylib
0x000000010eb8a000 	/Library/Frameworks/R.framework/Versions/3.6/Resources/library/showtext/libs/showtext.so
0x000000010f084000 	/Library/Frameworks/R.framework/Versions/3.6/Resources/library/readr/libs/readr.so
0x000000010f141000 	/Library/Frameworks/R.framework/Versions/3.6/Resources/library/readr/rcon/librcon.so
0x000000010f145000 	/Library/Frameworks/R.framework/Versions/3.6/Resources/library/splines/libs/splines.so
0x000000010f14a000 	/Library/Frameworks/R.framework/Versions/3.6/Resources/library/Matrix/libs/Matrix.so
0x000000010f22e000 	/Library/Frameworks/R.framework/Versions/3.6/Resources/library/survival/libs/survival.so
0x000000010f273000 	/Library/Frameworks/R.framework/Versions/3.6/Resources/library/base64enc/libs/base64enc.so
0x000000010f27a000 	/Library/Frameworks/R.framework/Versions/3.6/Resources/library/png/libs/png.so
0x000000010f2bb000 	/Library/Frameworks/R.framework/Versions/3.6/Resources/library/jpeg/libs/jpeg.so
0x000000010f304000 	/Library/Frameworks/R.framework/Versions/3.6/Resources/library/cluster/libs/cluster.so
0x000000010f319000 	/Library/Frameworks/R.framework/Versions/3.6/Resources/library/foreign/libs/foreign.so
0x000000010f338000 	/Library/Frameworks/R.framework/Versions/3.6/Resources/library/nnet/libs/nnet.so
0x000000010f341000 	/Library/Frameworks/R.framework/Versions/3.6/Resources/library/rpart/libs/rpart.so
0x000000010f355000 	/Library/Frameworks/R.framework/Versions/3.6/Resources/library/checkmate/libs/checkmate.so
0x000000010f368000 	/Library/Frameworks/R.framework/Versions/3.6/Resources/library/htmltools/libs/htmltools.so
0x000000010f36c000 	/Library/Frameworks/R.framework/Versions/3.6/Resources/library/xfun/libs/xfun.so
0x000000010f37c000 	/Library/Frameworks/R.framework/Versions/3.6/Resources/library/data.table/libs/datatable.so
0x000000010f404000 	/Library/Frameworks/R.framework/Versions/3.6/Resources/library/Hmisc/libs/Hmisc.so
0x000000010f40d000 	/Library/Frameworks/R.framework/Versions/3.6/Resources/library/gmp/libs/gmp.so
0x000000010f48e000 	/Library/Frameworks/R.framework/Versions/3.6/Resources/library/lubridate/libs/lubridate.so
0x000000010f4cc000 	/Library/Frameworks/R.framework/Versions/3.6/Resources/library/tidyr/libs/tidyr.so
0x000000010f4e7000 	/Library/Frameworks/R.framework/Versions/3.6/Resources/library/utf8/libs/utf8.so
0x000000010f535000 	/Library/Java/JavaVirtualMachines/jdk-14.0.2.jdk/Contents/Home/lib/server/libjvm.dylib
0x00000001102bf000 	/Library/Frameworks/R.framework/Versions/3.6/Resources/library/rJava/libs/rJava.so
0x00000001102d3000 	/Library/Java/JavaVirtualMachines/jdk-14.0.2.jdk/Contents/Home/lib/libjimage.dylib
0x00000001102e6000 	/Library/Java/JavaVirtualMachines/jdk-14.0.2.jdk/Contents/Home/lib/libjava.dylib
0x000000011030e000 	/Library/Java/JavaVirtualMachines/jdk-14.0.2.jdk/Contents/Home/lib/libzip.dylib
0x000000012eac5000 	/Applications/Xcode.app/Contents/Developer/Toolchains/XcodeDefault.xctoolchain/usr/lib/libclang.dylib
0x0000000114016000 	/Library/Frameworks/R.framework/Versions/3.6/Resources/modules/internet.so
0x0000000114137000 	/Library/Frameworks/R.framework/Versions/3.6/Resources/library/haven/libs/haven.so
0x0000000114a00000 	/Library/Frameworks/R.framework/Versions/3.6/Resources/library/readxl/libs/readxl.so
0x00000001141bc000 	/Library/Frameworks/R.framework/Versions/3.6/Resources/library/xml2/libs/xml2.so
0x00000001141d7000 	/Library/Java/JavaVirtualMachines/jdk-14.0.2.jdk/Contents/Home/lib/libnio.dylib
0x0000000114a5e000 	/Library/Java/JavaVirtualMachines/jdk-14.0.2.jdk/Contents/Home/lib/libnet.dylib
0x00000001141ea000 	/Library/Java/JavaVirtualMachines/jdk-14.0.2.jdk/Contents/Home/lib/libextnet.dylib
0x0000000114a76000 	/Library/Frameworks/R.framework/Versions/3.6/Resources/library/triebeard/libs/triebeard.so
0x0000000114ac6000 	/Library/Frameworks/R.framework/Versions/3.6/Resources/library/urltools/libs/urltools.so
0x0000000114b12000 	/Library/Frameworks/R.framework/Versions/3.6/Resources/library/zip/libs/zip.so
0x0000000114b30000 	/Library/Frameworks/R.framework/Versions/3.6/Resources/library/openxlsx/libs/openxlsx.so


VM Arguments:
jvm_args: -Djava.awt.headless=true -Xmx512m -Xrs vfprintf exit -Xss2m 
java_command: <unknown>
java_class_path (initial): /Library/Frameworks/R.framework/Versions/3.6/Resources/library/rJava/java/boot
Launcher Type: generic

[Global flags]
     intx CICompilerCount                          = 3                                         {product} {ergonomic}
     uint ConcGCThreads                            = 1                                         {product} {ergonomic}
     uint G1ConcRefinementThreads                  = 4                                         {product} {ergonomic}
   size_t G1HeapRegionSize                         = 1048576                                   {product} {ergonomic}
    uintx GCDrainStackTargetSize                   = 64                                        {product} {ergonomic}
   size_t InitialHeapSize                          = 268435456                                 {product} {ergonomic}
   size_t MarkStackSize                            = 4194304                                   {product} {ergonomic}
   size_t MaxHeapSize                              = 536870912                                 {product} {command line}
   size_t MaxNewSize                               = 321912832                                 {product} {ergonomic}
   size_t MinHeapDeltaBytes                        = 1048576                                   {product} {ergonomic}
   size_t MinHeapSize                              = 8388608                                   {product} {ergonomic}
    uintx NonNMethodCodeHeapSize                   = 5832780                                {pd product} {ergonomic}
    uintx NonProfiledCodeHeapSize                  = 122912730                              {pd product} {ergonomic}
    uintx ProfiledCodeHeapSize                     = 122912730                              {pd product} {ergonomic}
     bool ReduceSignalUsage                        = true                                      {product} {command line}
    uintx ReservedCodeCacheSize                    = 251658240                              {pd product} {ergonomic}
     bool SegmentedCodeCache                       = true                                      {product} {ergonomic}
   size_t SoftMaxHeapSize                          = 536870912                              {manageable} {ergonomic}
     intx ThreadStackSize                          = 2048                                   {pd product} {command line}
     bool UseCompressedClassPointers               = true                                 {lp64_product} {ergonomic}
     bool UseCompressedOops                        = true                                 {lp64_product} {ergonomic}
     bool UseG1GC                                  = true                                      {product} {ergonomic}

Logging:
Log output configuration:
 #0: stdout all=warning uptime,level,tags
 #1: stderr all=off uptime,level,tags

Environment Variables:
JAVA_HOME=/Library/Java/JavaVirtualMachines/jdk-14.0.2.jdk/Contents/Home
PATH=/usr/local/opt/openjdk/bin:/Users/meerapatel/.gem/ruby/2.7.0/bin:/opt/local/bin:/opt/local/sbin:/usr/local/opt/mysql@5.5/bin:/usr/local/opt/mysql@5.5/bin:/usr/local/opt/mysql@5.5/bin:/usr/local/bin:/usr/bin:/bin:/usr/sbin:/sbin:/Users/meerapatel/Library/Python/2.7/bin:/Library/TeX/texbin:/opt/X11/bin:/Library/Apple/usr/bin:/Applications/Postgres.app/Contents/Versions/latest/bin
SHELL=/bin/bash
DISPLAY=/private/tmp/com.apple.launchd.7u329D1ILG/org.macosforge.xquartz:0
DYLD_LIBRARY_PATH=/Library/Java/JavaVirtualMachines/jdk-14.0.2.jdk/Contents/Home/lib/server
DYLD_FALLBACK_LIBRARY_PATH=/Library/Frameworks/R.framework/Resources/lib:/Users/meerapatel/lib:/usr/local/lib:/usr/lib:::/lib:/Library/Java/JavaVirtualMachines/jdk-14.0.2.jdk/Contents/Home/lib/server

Signal Handlers:
SIGSEGV: [libjvm.dylib+0x7415b8], sa_mask[0]=11111111011111110111111111111111, sa_flags=SA_ONSTACK|SA_RESTART|SA_SIGINFO
SIGBUS: [libjvm.dylib+0x7415b8], sa_mask[0]=11111111011111110111111111111111, sa_flags=SA_RESTART|SA_SIGINFO
SIGFPE: [libjvm.dylib+0x7415b8], sa_mask[0]=11111111011111110111111111111111, sa_flags=SA_RESTART|SA_SIGINFO
SIGPIPE: [libjvm.dylib+0x5eb4b1], sa_mask[0]=11111111011111110111111111111111, sa_flags=SA_RESTART|SA_SIGINFO
SIGXFSZ: [libjvm.dylib+0x5eb4b1], sa_mask[0]=11111111011111110111111111111111, sa_flags=SA_RESTART|SA_SIGINFO
SIGILL: [libjvm.dylib+0x7415b8], sa_mask[0]=11111111011111110111111111111111, sa_flags=SA_RESTART|SA_SIGINFO
SIGUSR2: SIG_IGN, sa_mask[0]=00000000000000000000000000000000, sa_flags=none
SIGHUP: SIG_DFL, sa_mask[0]=00000000000000000000000000000000, sa_flags=none
SIGINT: [rsession+0x1053c0], sa_mask[0]=00000000000000000000000000000000, sa_flags=SA_RESTART
SIGTERM: SIG_DFL, sa_mask[0]=00000000000000000000000000000000, sa_flags=none
SIGQUIT: SIG_DFL, sa_mask[0]=00000000000000000000000000000000, sa_flags=none


---------------  S Y S T E M  ---------------

OS:uname:Darwin 19.6.0 Darwin Kernel Version 19.6.0: Thu Jun 18 20:49:00 PDT 2020; root:xnu-6153.141.1~1/RELEASE_X86_64 x86_64
OS uptime: 13 days 6:29 hours
rlimit: STACK 8192k, CORE 0k, NPROC 2784, NOFILE 12544, AS infinity, DATA infinity, FSIZE infinity
load average:3.76 3.29 3.04

CPU:total 4 (initial active 4) (2 cores per cpu, 2 threads per core) family 6 model 142 stepping 9, cmov, cx8, fxsr, mmx, sse, sse2, sse3, ssse3, sse4.1, sse4.2, popcnt, avx, avx2, aes, clmul, erms, rtm, 3dnowpref, lzcnt, ht, tsc, tscinvbit, bmi1, bmi2, adx, fma

Memory: 4k page, physical 16777216k(2017924k free), swap 3145728k(1364736k free)

vm_info: Java HotSpot(TM) 64-Bit Server VM (14.0.2+12-46) for bsd-amd64 JRE (14.0.2+12-46), built on Jul  8 2020 23:32:31 by "mach5one" with clang 4.2.1 Compatible Apple LLVM 10.0.0 (clang-1000.11.45.5)

END.
